[0.004s] Invoking command in '/root/ros2_offboard/build/px4_ros_com': AMENT_PREFIX_PATH=/root/ros2_offboard/install/px4_msgs:${AMENT_PREFIX_PATH} CMAKE_PREFIX_PATH=/root/ros2_offboard/install/px4_msgs:/opt/ros/humble LD_LIBRARY_PATH=/root/ros2_offboard/install/px4_msgs/lib:${LD_LIBRARY_PATH} PYTHONPATH=/root/ros2_offboard/install/px4_msgs/local/lib/python3.10/dist-packages:${PYTHONPATH} /usr/bin/cmake /root/ros2_offboard/src/px4_ros_com -DAMENT_CMAKE_SYMLINK_INSTALL=1 -DCMAKE_INSTALL_PREFIX=/root/ros2_offboard/install/px4_ros_com
[0.039s] -- The C compiler identification is GNU 11.4.0
[0.075s] -- The CXX compiler identification is GNU 11.4.0
[0.079s] -- Detecting C compiler ABI info
[0.124s] -- Detecting C compiler ABI info - done
[0.129s] -- Check for working C compiler: /usr/bin/cc - skipped
[0.129s] -- Detecting C compile features
[0.130s] -- Detecting C compile features - done
[0.132s] -- Detecting CXX compiler ABI info
[0.184s] -- Detecting CXX compiler ABI info - done
[0.189s] -- Check for working CXX compiler: /usr/bin/c++ - skipped
[0.189s] -- Detecting CXX compile features
[0.190s] -- Detecting CXX compile features - done
[0.191s] -- Found ament_cmake: 1.3.8 (/opt/ros/humble/share/ament_cmake/cmake)
[0.409s] -- Found Python3: /usr/bin/python3 (found version "3.10.12") found components: Interpreter 
[0.447s] -- Override CMake install command with custom implementation using symlinks instead of copying resources
[0.461s] -- Found builtin_interfaces: 1.2.1 (/opt/ros/humble/share/builtin_interfaces/cmake)
[0.481s] -- Found rosidl_generator_c: 3.1.5 (/opt/ros/humble/share/rosidl_generator_c/cmake)
[0.484s] -- Found rosidl_adapter: 3.1.5 (/opt/ros/humble/share/rosidl_adapter/cmake)
[0.489s] -- Found rosidl_generator_cpp: 3.1.5 (/opt/ros/humble/share/rosidl_generator_cpp/cmake)
[0.498s] -- Using all available rosidl_typesupport_c: rosidl_typesupport_fastrtps_c;rosidl_typesupport_introspection_c
[0.510s] -- Using all available rosidl_typesupport_cpp: rosidl_typesupport_fastrtps_cpp;rosidl_typesupport_introspection_cpp
[0.523s] -- Found eigen3_cmake_module: 0.1.1 (/opt/ros/humble/share/eigen3_cmake_module/cmake)
[0.529s] -- Found Eigen3: TRUE (found version "3.4.0") 
[0.530s] -- Found geometry_msgs: 4.2.3 (/opt/ros/humble/share/geometry_msgs/cmake)
[0.599s] -- Found px4_msgs: 2.0.1 (/root/ros2_offboard/install/px4_msgs/share/px4_msgs/cmake)
[0.625s] -- Found rclcpp: 16.0.8 (/opt/ros/humble/share/rclcpp/cmake)
[0.675s] -- Found rmw_implementation_cmake: 6.1.1 (/opt/ros/humble/share/rmw_implementation_cmake/cmake)
[0.677s] -- Found rmw_fastrtps_cpp: 6.2.6 (/opt/ros/humble/share/rmw_fastrtps_cpp/cmake)
[0.745s] -- Found OpenSSL: /usr/lib/x86_64-linux-gnu/libcrypto.so (found version "3.0.2")  
[0.766s] -- Found FastRTPS: /opt/ros/humble/include  
[0.798s] -- Using RMW implementation 'rmw_fastrtps_cpp' as default
[0.805s] -- Looking for pthread.h
[0.853s] -- Looking for pthread.h - found
[0.853s] -- Performing Test CMAKE_HAVE_LIBC_PTHREAD
[0.901s] -- Performing Test CMAKE_HAVE_LIBC_PTHREAD - Success
[0.902s] -- Found Threads: TRUE  
[0.999s] -- Found sensor_msgs: 4.2.3 (/opt/ros/humble/share/sensor_msgs/cmake)
[1.063s] -- Found rclpy: 3.3.12 (/opt/ros/humble/share/rclpy/cmake)
[1.071s] -- Found ament_lint_auto: 0.12.10 (/opt/ros/humble/share/ament_lint_auto/cmake)
[1.138s] -- Added test 'copyright' to check source files copyright and LICENSE
[1.140s] -- Added test 'cppcheck' to perform static code analysis on C / C++ code
[1.140s] -- Configured cppcheck include dirs: /root/ros2_offboard/src/px4_ros_com/include;$<BUILD_INTERFACE:/root/ros2_offboard/src/px4_ros_com/include/px4_ros_com>
[1.140s] -- Configured cppcheck exclude dirs and/or files: 
[1.143s] -- Added test 'cpplint' to check C / C++ code against the Google style
[1.143s] -- Configured cpplint exclude dirs and/or files: 
[1.144s] -- Added test 'flake8' to check Python code syntax and style conventions
[1.145s] -- Added test 'lint_cmake' to check CMake code style
[1.146s] -- Added test 'pep257' to check Python code against some of the docstring style conventions in PEP 257
[1.149s] -- Added test 'uncrustify' to check C / C++ code style
[1.149s] -- Configured uncrustify additional arguments: 
[1.150s] -- Added test 'xmllint' to check XML markup files
[1.151s] -- Configuring done
[1.167s] -- Generating done
[1.168s] -- Build files have been written to: /root/ros2_offboard/build/px4_ros_com
[1.175s] Invoked command in '/root/ros2_offboard/build/px4_ros_com' returned '0': AMENT_PREFIX_PATH=/root/ros2_offboard/install/px4_msgs:${AMENT_PREFIX_PATH} CMAKE_PREFIX_PATH=/root/ros2_offboard/install/px4_msgs:/opt/ros/humble LD_LIBRARY_PATH=/root/ros2_offboard/install/px4_msgs/lib:${LD_LIBRARY_PATH} PYTHONPATH=/root/ros2_offboard/install/px4_msgs/local/lib/python3.10/dist-packages:${PYTHONPATH} /usr/bin/cmake /root/ros2_offboard/src/px4_ros_com -DAMENT_CMAKE_SYMLINK_INSTALL=1 -DCMAKE_INSTALL_PREFIX=/root/ros2_offboard/install/px4_ros_com
[1.176s] Invoking command in '/root/ros2_offboard/build/px4_ros_com': AMENT_PREFIX_PATH=/root/ros2_offboard/install/px4_msgs:${AMENT_PREFIX_PATH} CMAKE_PREFIX_PATH=/root/ros2_offboard/install/px4_msgs:/opt/ros/humble LD_LIBRARY_PATH=/root/ros2_offboard/install/px4_msgs/lib:${LD_LIBRARY_PATH} PYTHONPATH=/root/ros2_offboard/install/px4_msgs/local/lib/python3.10/dist-packages:${PYTHONPATH} /usr/bin/cmake --build /root/ros2_offboard/build/px4_ros_com -- -j32 -l32
[1.206s] [  8%] [32mBuilding CXX object CMakeFiles/vehicle_gps_position_listener.dir/src/examples/listeners/vehicle_gps_position_listener.cpp.o[0m
[1.207s] [ 16%] [32mBuilding CXX object CMakeFiles/sensor_combined_listener.dir/src/examples/listeners/sensor_combined_listener.cpp.o[0m
[1.207s] [ 25%] [32mBuilding CXX object CMakeFiles/frame_transforms.dir/src/lib/frame_transforms.cpp.o[0m
[1.208s] [ 33%] [32mBuilding CXX object CMakeFiles/debug_vect_advertiser.dir/src/examples/advertisers/debug_vect_advertiser.cpp.o[0m
[1.208s] [ 41%] [32mBuilding CXX object CMakeFiles/offboard_control_srv.dir/src/examples/offboard/offboard_control_srv.cpp.o[0m
[1.208s] [ 50%] [32mBuilding CXX object CMakeFiles/offboard_control.dir/src/examples/offboard/offboard_control.cpp.o[0m
[1.211s] [ 50%] Built target ament_cmake_python_symlink_px4_ros_com
[1.361s] running egg_info
[1.361s] creating px4_ros_com.egg-info
[1.369s] writing px4_ros_com.egg-info/PKG-INFO
[1.369s] writing dependency_links to px4_ros_com.egg-info/dependency_links.txt
[1.369s] writing top-level names to px4_ros_com.egg-info/top_level.txt
[1.369s] writing manifest file 'px4_ros_com.egg-info/SOURCES.txt'
[1.390s] reading manifest file 'px4_ros_com.egg-info/SOURCES.txt'
[1.391s] writing manifest file 'px4_ros_com.egg-info/SOURCES.txt'
[1.412s] [ 50%] Built target ament_cmake_python_build_px4_ros_com_egg
[4.548s] [ 58%] [32m[1mLinking CXX executable debug_vect_advertiser[0m
[4.705s] [ 58%] Built target debug_vect_advertiser
[5.039s] [ 66%] [32m[1mLinking CXX executable offboard_control[0m
[5.196s] [ 66%] Built target offboard_control
[5.558s] [ 75%] [32m[1mLinking CXX executable offboard_control_srv[0m
[5.724s] [ 75%] Built target offboard_control_srv
[6.341s] [ 83%] [32m[1mLinking CXX shared library libframe_transforms.so[0m
[6.520s] [ 83%] Built target frame_transforms
[7.023s] [ 91%] [32m[1mLinking CXX executable sensor_combined_listener[0m
[7.047s] [100%] [32m[1mLinking CXX executable vehicle_gps_position_listener[0m
[7.260s] [100%] Built target sensor_combined_listener
[7.281s] [100%] Built target vehicle_gps_position_listener
[7.289s] Invoked command in '/root/ros2_offboard/build/px4_ros_com' returned '0': AMENT_PREFIX_PATH=/root/ros2_offboard/install/px4_msgs:${AMENT_PREFIX_PATH} CMAKE_PREFIX_PATH=/root/ros2_offboard/install/px4_msgs:/opt/ros/humble LD_LIBRARY_PATH=/root/ros2_offboard/install/px4_msgs/lib:${LD_LIBRARY_PATH} PYTHONPATH=/root/ros2_offboard/install/px4_msgs/local/lib/python3.10/dist-packages:${PYTHONPATH} /usr/bin/cmake --build /root/ros2_offboard/build/px4_ros_com -- -j32 -l32
[7.312s] Invoking command in '/root/ros2_offboard/build/px4_ros_com': AMENT_PREFIX_PATH=/root/ros2_offboard/install/px4_msgs:${AMENT_PREFIX_PATH} CMAKE_PREFIX_PATH=/root/ros2_offboard/install/px4_msgs:/opt/ros/humble LD_LIBRARY_PATH=/root/ros2_offboard/install/px4_msgs/lib:${LD_LIBRARY_PATH} PYTHONPATH=/root/ros2_offboard/install/px4_msgs/local/lib/python3.10/dist-packages:${PYTHONPATH} /usr/bin/cmake --install /root/ros2_offboard/build/px4_ros_com
[7.317s] -- Install configuration: ""
[7.317s] -- Execute custom install script
[7.317s] -- Symlinking: /root/ros2_offboard/install/px4_ros_com/lib/px4_ros_com/sensor_combined_listener
[7.322s] -- Symlinking: /root/ros2_offboard/install/px4_ros_com/lib/px4_ros_com/vehicle_gps_position_listener
[7.327s] -- Symlinking: /root/ros2_offboard/install/px4_ros_com/lib/px4_ros_com/debug_vect_advertiser
[7.332s] -- Symlinking: /root/ros2_offboard/install/px4_ros_com/lib/px4_ros_com/offboard_control
[7.337s] -- Symlinking: /root/ros2_offboard/install/px4_ros_com/lib/px4_ros_com/offboard_control_srv
[7.342s] -- Symlinking: /root/ros2_offboard/install/px4_ros_com/share/px4_ros_com/environment/library_path.sh
[7.347s] -- Symlinking: /root/ros2_offboard/install/px4_ros_com/share/px4_ros_com/environment/library_path.dsv
[7.352s] -- Symlinking: /root/ros2_offboard/install/px4_ros_com/include/px4_ros_com/frame_transforms.h
[7.357s] -- Symlinking: /root/ros2_offboard/install/px4_ros_com/share/px4_ros_com//launch/offboard_control_launch.yaml
[7.361s] -- Symlinking: /root/ros2_offboard/install/px4_ros_com/share/px4_ros_com//launch/sensor_combined_listener.launch.py
[7.366s] -- Symlinking: /root/ros2_offboard/install/px4_ros_com/share/px4_ros_com//test/__init__.py
[7.370s] -- Symlinking: /root/ros2_offboard/install/px4_ros_com/share/px4_ros_com//test/pipeline_io_test.py
[7.375s] -- Symlinking: /root/ros2_offboard/install/px4_ros_com/share/px4_ros_com//test/test_input.py
[7.379s] -- Symlinking: /root/ros2_offboard/install/px4_ros_com/share/px4_ros_com//test/test_output.py
[7.383s] -- Symlinking: /root/ros2_offboard/install/px4_ros_com/share/px4_ros_com/environment/pythonpath.sh
[7.388s] -- Symlinking: /root/ros2_offboard/install/px4_ros_com/share/px4_ros_com/environment/pythonpath.dsv
[7.392s] -- Symlinking: /root/ros2_offboard/install/px4_ros_com/local/lib/python3.10/dist-packages/px4_ros_com-0.1.0-py3.10.egg-info/PKG-INFO
[7.397s] -- Symlinking: /root/ros2_offboard/install/px4_ros_com/local/lib/python3.10/dist-packages/px4_ros_com-0.1.0-py3.10.egg-info/SOURCES.txt
[7.401s] -- Symlinking: /root/ros2_offboard/install/px4_ros_com/local/lib/python3.10/dist-packages/px4_ros_com-0.1.0-py3.10.egg-info/dependency_links.txt
[7.406s] -- Symlinking: /root/ros2_offboard/install/px4_ros_com/local/lib/python3.10/dist-packages/px4_ros_com-0.1.0-py3.10.egg-info/top_level.txt
[7.410s] -- Symlinking: /root/ros2_offboard/install/px4_ros_com/local/lib/python3.10/dist-packages/px4_ros_com/__init__.py
[7.414s] -- Symlinking: /root/ros2_offboard/install/px4_ros_com/local/lib/python3.10/dist-packages/px4_ros_com/module_to_import.py
[7.419s] -- Symlinking: /root/ros2_offboard/install/px4_ros_com/lib/px4_ros_com/offboard_control.py
[7.423s] -- Symlinking: /root/ros2_offboard/install/px4_ros_com/share/ament_index/resource_index/package_run_dependencies/px4_ros_com
[7.427s] -- Symlinking: /root/ros2_offboard/install/px4_ros_com/share/ament_index/resource_index/parent_prefix_path/px4_ros_com
[7.432s] -- Symlinking: /root/ros2_offboard/install/px4_ros_com/share/px4_ros_com/environment/ament_prefix_path.sh
[7.437s] -- Symlinking: /root/ros2_offboard/install/px4_ros_com/share/px4_ros_com/environment/ament_prefix_path.dsv
[7.441s] -- Symlinking: /root/ros2_offboard/install/px4_ros_com/share/px4_ros_com/environment/path.sh
[7.446s] -- Symlinking: /root/ros2_offboard/install/px4_ros_com/share/px4_ros_com/environment/path.dsv
[7.451s] -- Symlinking: /root/ros2_offboard/install/px4_ros_com/share/px4_ros_com/local_setup.bash
[7.455s] -- Symlinking: /root/ros2_offboard/install/px4_ros_com/share/px4_ros_com/local_setup.sh
[7.459s] -- Symlinking: /root/ros2_offboard/install/px4_ros_com/share/px4_ros_com/local_setup.zsh
[7.465s] -- Symlinking: /root/ros2_offboard/install/px4_ros_com/share/px4_ros_com/local_setup.dsv
[7.470s] -- Symlinking: /root/ros2_offboard/install/px4_ros_com/share/px4_ros_com/package.dsv
[7.474s] -- Symlinking: /root/ros2_offboard/install/px4_ros_com/share/ament_index/resource_index/packages/px4_ros_com
[7.479s] -- Symlinking: /root/ros2_offboard/install/px4_ros_com/share/px4_ros_com/cmake/ament_cmake_export_dependencies-extras.cmake
[7.484s] -- Symlinking: /root/ros2_offboard/install/px4_ros_com/share/px4_ros_com/cmake/ament_cmake_export_targets-extras.cmake
[7.489s] -- Symlinking: /root/ros2_offboard/install/px4_ros_com/share/px4_ros_com/cmake/ament_cmake_export_include_directories-extras.cmake
[7.493s] -- Symlinking: /root/ros2_offboard/install/px4_ros_com/share/px4_ros_com/cmake/ament_cmake_export_libraries-extras.cmake
[7.498s] -- Symlinking: /root/ros2_offboard/install/px4_ros_com/share/px4_ros_com/cmake/px4_ros_comConfig.cmake
[7.503s] -- Symlinking: /root/ros2_offboard/install/px4_ros_com/share/px4_ros_com/cmake/px4_ros_comConfig-version.cmake
[7.508s] -- Symlinking: /root/ros2_offboard/install/px4_ros_com/share/px4_ros_com/package.xml
[7.512s] -- Installing: /root/ros2_offboard/install/px4_ros_com/lib/libframe_transforms.so
[7.514s] -- Set runtime path of "/root/ros2_offboard/install/px4_ros_com/lib/libframe_transforms.so" to ""
[7.534s] Listing '/root/ros2_offboard/install/px4_ros_com/local/lib/python3.10/dist-packages/px4_ros_com'...
[7.534s] Compiling '/root/ros2_offboard/install/px4_ros_com/local/lib/python3.10/dist-packages/px4_ros_com/__init__.py'...
[7.534s] Compiling '/root/ros2_offboard/install/px4_ros_com/local/lib/python3.10/dist-packages/px4_ros_com/module_to_import.py'...
[7.538s] -- Installing: /root/ros2_offboard/install/px4_ros_com/share/px4_ros_com/cmake/export_frame_transformsExport.cmake
[7.538s] -- Installing: /root/ros2_offboard/install/px4_ros_com/share/px4_ros_com/cmake/export_frame_transformsExport-noconfig.cmake
[7.539s] Invoked command in '/root/ros2_offboard/build/px4_ros_com' returned '0': AMENT_PREFIX_PATH=/root/ros2_offboard/install/px4_msgs:${AMENT_PREFIX_PATH} CMAKE_PREFIX_PATH=/root/ros2_offboard/install/px4_msgs:/opt/ros/humble LD_LIBRARY_PATH=/root/ros2_offboard/install/px4_msgs/lib:${LD_LIBRARY_PATH} PYTHONPATH=/root/ros2_offboard/install/px4_msgs/local/lib/python3.10/dist-packages:${PYTHONPATH} /usr/bin/cmake --install /root/ros2_offboard/build/px4_ros_com
