[0.008s] Invoking command in '/root/ros2_offboard/src/build/px4_ros_com': AMENT_PREFIX_PATH=/root/ros2_offboard/src/install/px4_msgs:${AMENT_PREFIX_PATH} CMAKE_PREFIX_PATH=/root/ros2_offboard/src/install/px4_msgs:/root/ws_sensor_combined/install/example_mode_with_executor_cpp:/root/ws_sensor_combined/install/example_mode_rtl_replacement_cpp:/root/ws_sensor_combined/install/example_mode_manual_cpp:/root/ws_sensor_combined/install/example_mode_goto_global_cpp:/root/ws_sensor_combined/install/example_mode_goto_cpp:/root/ws_sensor_combined/install/example_mode_fw_attitude_cpp:/root/ws_sensor_combined/install/example_local_navigation_cpp:/root/ws_sensor_combined/install/example_global_navigation_cpp:/root/ws_sensor_combined/install/px4_ros2_cpp:/root/ws_sensor_combined/install/px4_ros_com:/root/ws_sensor_combined/install/px4_msgs:/root/ros2_offboard/install/px4_ros_com:/root/ros2_offboard/install/px4_msgs:/opt/ros/humble LD_LIBRARY_PATH=/root/ros2_offboard/src/install/px4_msgs/lib:${LD_LIBRARY_PATH} PYTHONPATH=/root/ros2_offboard/src/install/px4_msgs/local/lib/python3.10/dist-packages:${PYTHONPATH} /usr/bin/cmake /root/ros2_offboard/src/px4_ros_com -DCMAKE_INSTALL_PREFIX=/root/ros2_offboard/src/install/px4_ros_com
[0.053s] -- The C compiler identification is GNU 11.4.0
[0.094s] -- The CXX compiler identification is GNU 11.4.0
[0.100s] -- Detecting C compiler ABI info
[0.159s] -- Detecting C compiler ABI info - done
[0.165s] -- Check for working C compiler: /usr/bin/cc - skipped
[0.165s] -- Detecting C compile features
[0.166s] -- Detecting C compile features - done
[0.168s] -- Detecting CXX compiler ABI info
[0.234s] -- Detecting CXX compiler ABI info - done
[0.239s] -- Check for working CXX compiler: /usr/bin/c++ - skipped
[0.239s] -- Detecting CXX compile features
[0.239s] -- Detecting CXX compile features - done
[0.242s] -- Found ament_cmake: 1.3.9 (/opt/ros/humble/share/ament_cmake/cmake)
[0.545s] -- Found Python3: /usr/bin/python3 (found version "3.10.12") found components: Interpreter 
[0.620s] -- Found builtin_interfaces: 1.2.1 (/opt/ros/humble/share/builtin_interfaces/cmake)
[0.651s] -- Found rosidl_generator_c: 3.1.5 (/opt/ros/humble/share/rosidl_generator_c/cmake)
[0.656s] -- Found rosidl_adapter: 3.1.5 (/opt/ros/humble/share/rosidl_adapter/cmake)
[0.664s] -- Found rosidl_generator_cpp: 3.1.5 (/opt/ros/humble/share/rosidl_generator_cpp/cmake)
[0.676s] -- Using all available rosidl_typesupport_c: rosidl_typesupport_fastrtps_c;rosidl_typesupport_introspection_c
[0.691s] -- Using all available rosidl_typesupport_cpp: rosidl_typesupport_fastrtps_cpp;rosidl_typesupport_introspection_cpp
[0.706s] -- Found eigen3_cmake_module: 0.1.1 (/opt/ros/humble/share/eigen3_cmake_module/cmake)
[0.713s] -- Found Eigen3: TRUE (found version "3.4.0") 
[0.715s] -- Found geometry_msgs: 4.2.4 (/opt/ros/humble/share/geometry_msgs/cmake)
[0.786s] -- Found px4_msgs: 2.0.1 (/root/ros2_offboard/src/install/px4_msgs/share/px4_msgs/cmake)
[0.817s] -- Found rclcpp: 16.0.9 (/opt/ros/humble/share/rclcpp/cmake)
[0.867s] -- Found rmw_implementation_cmake: 6.1.2 (/opt/ros/humble/share/rmw_implementation_cmake/cmake)
[0.871s] -- Found rmw_fastrtps_cpp: 6.2.6 (/opt/ros/humble/share/rmw_fastrtps_cpp/cmake)
[0.968s] -- Found OpenSSL: /usr/lib/x86_64-linux-gnu/libcrypto.so (found version "3.0.2")  
[0.992s] -- Found FastRTPS: /opt/ros/humble/include  
[1.033s] -- Using RMW implementation 'rmw_fastrtps_cpp' as default
[1.043s] -- Looking for pthread.h
[1.104s] -- Looking for pthread.h - found
[1.105s] -- Performing Test CMAKE_HAVE_LIBC_PTHREAD
[1.166s] -- Performing Test CMAKE_HAVE_LIBC_PTHREAD - Success
[1.167s] -- Found Threads: TRUE  
[1.264s] -- Found sensor_msgs: 4.2.4 (/opt/ros/humble/share/sensor_msgs/cmake)
[1.325s] -- Found rclpy: 3.3.13 (/opt/ros/humble/share/rclpy/cmake)
[1.333s] -- Found ament_lint_auto: 0.12.11 (/opt/ros/humble/share/ament_lint_auto/cmake)
[1.424s] -- Added test 'copyright' to check source files copyright and LICENSE
[1.426s] -- Added test 'cppcheck' to perform static code analysis on C / C++ code
[1.426s] -- Configured cppcheck include dirs: /root/ros2_offboard/src/px4_ros_com/include;$<BUILD_INTERFACE:/root/ros2_offboard/src/px4_ros_com/include/px4_ros_com>
[1.426s] -- Configured cppcheck exclude dirs and/or files: 
[1.427s] -- Added test 'cpplint' to check C / C++ code against the Google style
[1.427s] -- Configured cpplint exclude dirs and/or files: 
[1.428s] -- Added test 'flake8' to check Python code syntax and style conventions
[1.428s] -- Added test 'lint_cmake' to check CMake code style
[1.429s] -- Added test 'pep257' to check Python code against some of the docstring style conventions in PEP 257
[1.430s] -- Added test 'uncrustify' to check C / C++ code style
[1.430s] -- Configured uncrustify additional arguments: 
[1.431s] -- Added test 'xmllint' to check XML markup files
[1.432s] -- Configuring done
[1.448s] -- Generating done
[1.449s] -- Build files have been written to: /root/ros2_offboard/src/build/px4_ros_com
[1.457s] Invoked command in '/root/ros2_offboard/src/build/px4_ros_com' returned '0': AMENT_PREFIX_PATH=/root/ros2_offboard/src/install/px4_msgs:${AMENT_PREFIX_PATH} CMAKE_PREFIX_PATH=/root/ros2_offboard/src/install/px4_msgs:/root/ws_sensor_combined/install/example_mode_with_executor_cpp:/root/ws_sensor_combined/install/example_mode_rtl_replacement_cpp:/root/ws_sensor_combined/install/example_mode_manual_cpp:/root/ws_sensor_combined/install/example_mode_goto_global_cpp:/root/ws_sensor_combined/install/example_mode_goto_cpp:/root/ws_sensor_combined/install/example_mode_fw_attitude_cpp:/root/ws_sensor_combined/install/example_local_navigation_cpp:/root/ws_sensor_combined/install/example_global_navigation_cpp:/root/ws_sensor_combined/install/px4_ros2_cpp:/root/ws_sensor_combined/install/px4_ros_com:/root/ws_sensor_combined/install/px4_msgs:/root/ros2_offboard/install/px4_ros_com:/root/ros2_offboard/install/px4_msgs:/opt/ros/humble LD_LIBRARY_PATH=/root/ros2_offboard/src/install/px4_msgs/lib:${LD_LIBRARY_PATH} PYTHONPATH=/root/ros2_offboard/src/install/px4_msgs/local/lib/python3.10/dist-packages:${PYTHONPATH} /usr/bin/cmake /root/ros2_offboard/src/px4_ros_com -DCMAKE_INSTALL_PREFIX=/root/ros2_offboard/src/install/px4_ros_com
[1.458s] Invoking command in '/root/ros2_offboard/src/build/px4_ros_com': AMENT_PREFIX_PATH=/root/ros2_offboard/src/install/px4_msgs:${AMENT_PREFIX_PATH} CMAKE_PREFIX_PATH=/root/ros2_offboard/src/install/px4_msgs:/root/ws_sensor_combined/install/example_mode_with_executor_cpp:/root/ws_sensor_combined/install/example_mode_rtl_replacement_cpp:/root/ws_sensor_combined/install/example_mode_manual_cpp:/root/ws_sensor_combined/install/example_mode_goto_global_cpp:/root/ws_sensor_combined/install/example_mode_goto_cpp:/root/ws_sensor_combined/install/example_mode_fw_attitude_cpp:/root/ws_sensor_combined/install/example_local_navigation_cpp:/root/ws_sensor_combined/install/example_global_navigation_cpp:/root/ws_sensor_combined/install/px4_ros2_cpp:/root/ws_sensor_combined/install/px4_ros_com:/root/ws_sensor_combined/install/px4_msgs:/root/ros2_offboard/install/px4_ros_com:/root/ros2_offboard/install/px4_msgs:/opt/ros/humble LD_LIBRARY_PATH=/root/ros2_offboard/src/install/px4_msgs/lib:${LD_LIBRARY_PATH} PYTHONPATH=/root/ros2_offboard/src/install/px4_msgs/local/lib/python3.10/dist-packages:${PYTHONPATH} /usr/bin/cmake --build /root/ros2_offboard/src/build/px4_ros_com -- -j32 -l32
[1.506s] [ 25%] [32mBuilding CXX object CMakeFiles/offboard_control_srv.dir/src/examples/offboard/offboard_control_srv.cpp.o[0m
[1.506s] [ 25%] [32mBuilding CXX object CMakeFiles/frame_transforms.dir/src/lib/frame_transforms.cpp.o[0m
[1.506s] [ 25%] [32mBuilding CXX object CMakeFiles/debug_vect_advertiser.dir/src/examples/advertisers/debug_vect_advertiser.cpp.o[0m
[1.506s] [ 33%] [32mBuilding CXX object CMakeFiles/sensor_combined_listener.dir/src/examples/listeners/sensor_combined_listener.cpp.o[0m
[1.506s] [ 41%] [32mBuilding CXX object CMakeFiles/vehicle_gps_position_listener.dir/src/examples/listeners/vehicle_gps_position_listener.cpp.o[0m
[1.506s] [ 50%] [32mBuilding CXX object CMakeFiles/offboard_control.dir/src/examples/offboard/offboard_control.cpp.o[0m
[1.514s] [ 50%] Built target ament_cmake_python_copy_px4_ros_com
[1.743s] running egg_info
[1.744s] creating px4_ros_com.egg-info
[1.754s] writing px4_ros_com.egg-info/PKG-INFO
[1.754s] writing dependency_links to px4_ros_com.egg-info/dependency_links.txt
[1.754s] writing top-level names to px4_ros_com.egg-info/top_level.txt
[1.754s] writing manifest file 'px4_ros_com.egg-info/SOURCES.txt'
[1.782s] reading manifest file 'px4_ros_com.egg-info/SOURCES.txt'
[1.783s] writing manifest file 'px4_ros_com.egg-info/SOURCES.txt'
[1.816s] [ 50%] Built target ament_cmake_python_build_px4_ros_com_egg
[6.101s] [ 58%] [32m[1mLinking CXX executable debug_vect_advertiser[0m
[6.325s] [ 58%] Built target debug_vect_advertiser
[6.916s] [ 66%] [32m[1mLinking CXX executable offboard_control[0m
[7.162s] [ 66%] Built target offboard_control
[7.643s] [ 75%] [32m[1mLinking CXX executable offboard_control_srv[0m
[7.889s] [ 75%] Built target offboard_control_srv
[8.645s] [ 83%] [32m[1mLinking CXX shared library libframe_transforms.so[0m
[8.893s] [ 83%] Built target frame_transforms
[9.654s] [ 91%] [32m[1mLinking CXX executable sensor_combined_listener[0m
[9.712s] [100%] [32m[1mLinking CXX executable vehicle_gps_position_listener[0m
[9.952s] [100%] Built target sensor_combined_listener
[10.006s] [100%] Built target vehicle_gps_position_listener
[10.016s] Invoked command in '/root/ros2_offboard/src/build/px4_ros_com' returned '0': AMENT_PREFIX_PATH=/root/ros2_offboard/src/install/px4_msgs:${AMENT_PREFIX_PATH} CMAKE_PREFIX_PATH=/root/ros2_offboard/src/install/px4_msgs:/root/ws_sensor_combined/install/example_mode_with_executor_cpp:/root/ws_sensor_combined/install/example_mode_rtl_replacement_cpp:/root/ws_sensor_combined/install/example_mode_manual_cpp:/root/ws_sensor_combined/install/example_mode_goto_global_cpp:/root/ws_sensor_combined/install/example_mode_goto_cpp:/root/ws_sensor_combined/install/example_mode_fw_attitude_cpp:/root/ws_sensor_combined/install/example_local_navigation_cpp:/root/ws_sensor_combined/install/example_global_navigation_cpp:/root/ws_sensor_combined/install/px4_ros2_cpp:/root/ws_sensor_combined/install/px4_ros_com:/root/ws_sensor_combined/install/px4_msgs:/root/ros2_offboard/install/px4_ros_com:/root/ros2_offboard/install/px4_msgs:/opt/ros/humble LD_LIBRARY_PATH=/root/ros2_offboard/src/install/px4_msgs/lib:${LD_LIBRARY_PATH} PYTHONPATH=/root/ros2_offboard/src/install/px4_msgs/local/lib/python3.10/dist-packages:${PYTHONPATH} /usr/bin/cmake --build /root/ros2_offboard/src/build/px4_ros_com -- -j32 -l32
[10.056s] Invoking command in '/root/ros2_offboard/src/build/px4_ros_com': AMENT_PREFIX_PATH=/root/ros2_offboard/src/install/px4_msgs:${AMENT_PREFIX_PATH} CMAKE_PREFIX_PATH=/root/ros2_offboard/src/install/px4_msgs:/root/ws_sensor_combined/install/example_mode_with_executor_cpp:/root/ws_sensor_combined/install/example_mode_rtl_replacement_cpp:/root/ws_sensor_combined/install/example_mode_manual_cpp:/root/ws_sensor_combined/install/example_mode_goto_global_cpp:/root/ws_sensor_combined/install/example_mode_goto_cpp:/root/ws_sensor_combined/install/example_mode_fw_attitude_cpp:/root/ws_sensor_combined/install/example_local_navigation_cpp:/root/ws_sensor_combined/install/example_global_navigation_cpp:/root/ws_sensor_combined/install/px4_ros2_cpp:/root/ws_sensor_combined/install/px4_ros_com:/root/ws_sensor_combined/install/px4_msgs:/root/ros2_offboard/install/px4_ros_com:/root/ros2_offboard/install/px4_msgs:/opt/ros/humble LD_LIBRARY_PATH=/root/ros2_offboard/src/install/px4_msgs/lib:${LD_LIBRARY_PATH} PYTHONPATH=/root/ros2_offboard/src/install/px4_msgs/local/lib/python3.10/dist-packages:${PYTHONPATH} /usr/bin/cmake --install /root/ros2_offboard/src/build/px4_ros_com
[10.062s] -- Install configuration: ""
[10.062s] -- Installing: /root/ros2_offboard/src/install/px4_ros_com/lib/px4_ros_com/sensor_combined_listener
[10.065s] -- Set runtime path of "/root/ros2_offboard/src/install/px4_ros_com/lib/px4_ros_com/sensor_combined_listener" to ""
[10.065s] -- Installing: /root/ros2_offboard/src/install/px4_ros_com/lib/px4_ros_com/vehicle_gps_position_listener
[10.066s] -- Set runtime path of "/root/ros2_offboard/src/install/px4_ros_com/lib/px4_ros_com/vehicle_gps_position_listener" to ""
[10.066s] -- Installing: /root/ros2_offboard/src/install/px4_ros_com/lib/px4_ros_com/debug_vect_advertiser
[10.067s] -- Set runtime path of "/root/ros2_offboard/src/install/px4_ros_com/lib/px4_ros_com/debug_vect_advertiser" to ""
[10.067s] -- Installing: /root/ros2_offboard/src/install/px4_ros_com/lib/px4_ros_com/offboard_control
[10.068s] -- Set runtime path of "/root/ros2_offboard/src/install/px4_ros_com/lib/px4_ros_com/offboard_control" to ""
[10.068s] -- Installing: /root/ros2_offboard/src/install/px4_ros_com/lib/px4_ros_com/offboard_control_srv
[10.069s] -- Set runtime path of "/root/ros2_offboard/src/install/px4_ros_com/lib/px4_ros_com/offboard_control_srv" to ""
[10.069s] -- Installing: /root/ros2_offboard/src/install/px4_ros_com/share/px4_ros_com/environment/library_path.sh
[10.069s] -- Installing: /root/ros2_offboard/src/install/px4_ros_com/share/px4_ros_com/environment/library_path.dsv
[10.069s] -- Installing: /root/ros2_offboard/src/install/px4_ros_com/include/px4_ros_com
[10.069s] -- Installing: /root/ros2_offboard/src/install/px4_ros_com/include/px4_ros_com/frame_transforms.h
[10.069s] -- Installing: /root/ros2_offboard/src/install/px4_ros_com/lib/libframe_transforms.so
[10.072s] -- Set runtime path of "/root/ros2_offboard/src/install/px4_ros_com/lib/libframe_transforms.so" to ""
[10.072s] -- Installing: /root/ros2_offboard/src/install/px4_ros_com/share/px4_ros_com//launch
[10.072s] -- Installing: /root/ros2_offboard/src/install/px4_ros_com/share/px4_ros_com//launch/offboard_control_launch.yaml
[10.073s] -- Installing: /root/ros2_offboard/src/install/px4_ros_com/share/px4_ros_com//launch/sensor_combined_listener.launch.py
[10.073s] -- Installing: /root/ros2_offboard/src/install/px4_ros_com/share/px4_ros_com//test
[10.073s] -- Installing: /root/ros2_offboard/src/install/px4_ros_com/share/px4_ros_com//test/pipeline_io_test.py
[10.073s] -- Installing: /root/ros2_offboard/src/install/px4_ros_com/share/px4_ros_com//test/__init__.py
[10.073s] -- Installing: /root/ros2_offboard/src/install/px4_ros_com/share/px4_ros_com//test/test_output.py
[10.073s] -- Installing: /root/ros2_offboard/src/install/px4_ros_com/share/px4_ros_com//test/test_input.py
[10.073s] -- Installing: /root/ros2_offboard/src/install/px4_ros_com/share/px4_ros_com/environment/pythonpath.sh
[10.073s] -- Installing: /root/ros2_offboard/src/install/px4_ros_com/share/px4_ros_com/environment/pythonpath.dsv
[10.073s] -- Installing: /root/ros2_offboard/src/install/px4_ros_com/local/lib/python3.10/dist-packages/px4_ros_com-0.1.0-py3.10.egg-info
[10.073s] -- Installing: /root/ros2_offboard/src/install/px4_ros_com/local/lib/python3.10/dist-packages/px4_ros_com-0.1.0-py3.10.egg-info/top_level.txt
[10.074s] -- Installing: /root/ros2_offboard/src/install/px4_ros_com/local/lib/python3.10/dist-packages/px4_ros_com-0.1.0-py3.10.egg-info/dependency_links.txt
[10.074s] -- Installing: /root/ros2_offboard/src/install/px4_ros_com/local/lib/python3.10/dist-packages/px4_ros_com-0.1.0-py3.10.egg-info/PKG-INFO
[10.074s] -- Installing: /root/ros2_offboard/src/install/px4_ros_com/local/lib/python3.10/dist-packages/px4_ros_com-0.1.0-py3.10.egg-info/SOURCES.txt
[10.074s] -- Installing: /root/ros2_offboard/src/install/px4_ros_com/local/lib/python3.10/dist-packages/px4_ros_com
[10.074s] -- Installing: /root/ros2_offboard/src/install/px4_ros_com/local/lib/python3.10/dist-packages/px4_ros_com/__init__.py
[10.074s] -- Installing: /root/ros2_offboard/src/install/px4_ros_com/local/lib/python3.10/dist-packages/px4_ros_com/module_to_import.py
[10.099s] Listing '/root/ros2_offboard/src/install/px4_ros_com/local/lib/python3.10/dist-packages/px4_ros_com'...
[10.099s] Compiling '/root/ros2_offboard/src/install/px4_ros_com/local/lib/python3.10/dist-packages/px4_ros_com/__init__.py'...
[10.100s] Compiling '/root/ros2_offboard/src/install/px4_ros_com/local/lib/python3.10/dist-packages/px4_ros_com/module_to_import.py'...
[10.103s] -- Installing: /root/ros2_offboard/src/install/px4_ros_com/lib/px4_ros_com/offboard_control.py
[10.103s] -- Installing: /root/ros2_offboard/src/install/px4_ros_com/share/ament_index/resource_index/package_run_dependencies/px4_ros_com
[10.103s] -- Installing: /root/ros2_offboard/src/install/px4_ros_com/share/ament_index/resource_index/parent_prefix_path/px4_ros_com
[10.103s] -- Installing: /root/ros2_offboard/src/install/px4_ros_com/share/px4_ros_com/environment/ament_prefix_path.sh
[10.103s] -- Installing: /root/ros2_offboard/src/install/px4_ros_com/share/px4_ros_com/environment/ament_prefix_path.dsv
[10.103s] -- Installing: /root/ros2_offboard/src/install/px4_ros_com/share/px4_ros_com/environment/path.sh
[10.103s] -- Installing: /root/ros2_offboard/src/install/px4_ros_com/share/px4_ros_com/environment/path.dsv
[10.103s] -- Installing: /root/ros2_offboard/src/install/px4_ros_com/share/px4_ros_com/local_setup.bash
[10.103s] -- Installing: /root/ros2_offboard/src/install/px4_ros_com/share/px4_ros_com/local_setup.sh
[10.103s] -- Installing: /root/ros2_offboard/src/install/px4_ros_com/share/px4_ros_com/local_setup.zsh
[10.103s] -- Installing: /root/ros2_offboard/src/install/px4_ros_com/share/px4_ros_com/local_setup.dsv
[10.103s] -- Installing: /root/ros2_offboard/src/install/px4_ros_com/share/px4_ros_com/package.dsv
[10.104s] -- Installing: /root/ros2_offboard/src/install/px4_ros_com/share/ament_index/resource_index/packages/px4_ros_com
[10.104s] -- Installing: /root/ros2_offboard/src/install/px4_ros_com/share/px4_ros_com/cmake/export_frame_transformsExport.cmake
[10.104s] -- Installing: /root/ros2_offboard/src/install/px4_ros_com/share/px4_ros_com/cmake/export_frame_transformsExport-noconfig.cmake
[10.104s] -- Installing: /root/ros2_offboard/src/install/px4_ros_com/share/px4_ros_com/cmake/ament_cmake_export_dependencies-extras.cmake
[10.104s] -- Installing: /root/ros2_offboard/src/install/px4_ros_com/share/px4_ros_com/cmake/ament_cmake_export_targets-extras.cmake
[10.104s] -- Installing: /root/ros2_offboard/src/install/px4_ros_com/share/px4_ros_com/cmake/ament_cmake_export_include_directories-extras.cmake
[10.104s] -- Installing: /root/ros2_offboard/src/install/px4_ros_com/share/px4_ros_com/cmake/ament_cmake_export_libraries-extras.cmake
[10.104s] -- Installing: /root/ros2_offboard/src/install/px4_ros_com/share/px4_ros_com/cmake/px4_ros_comConfig.cmake
[10.104s] -- Installing: /root/ros2_offboard/src/install/px4_ros_com/share/px4_ros_com/cmake/px4_ros_comConfig-version.cmake
[10.104s] -- Installing: /root/ros2_offboard/src/install/px4_ros_com/share/px4_ros_com/package.xml
[10.106s] Invoked command in '/root/ros2_offboard/src/build/px4_ros_com' returned '0': AMENT_PREFIX_PATH=/root/ros2_offboard/src/install/px4_msgs:${AMENT_PREFIX_PATH} CMAKE_PREFIX_PATH=/root/ros2_offboard/src/install/px4_msgs:/root/ws_sensor_combined/install/example_mode_with_executor_cpp:/root/ws_sensor_combined/install/example_mode_rtl_replacement_cpp:/root/ws_sensor_combined/install/example_mode_manual_cpp:/root/ws_sensor_combined/install/example_mode_goto_global_cpp:/root/ws_sensor_combined/install/example_mode_goto_cpp:/root/ws_sensor_combined/install/example_mode_fw_attitude_cpp:/root/ws_sensor_combined/install/example_local_navigation_cpp:/root/ws_sensor_combined/install/example_global_navigation_cpp:/root/ws_sensor_combined/install/px4_ros2_cpp:/root/ws_sensor_combined/install/px4_ros_com:/root/ws_sensor_combined/install/px4_msgs:/root/ros2_offboard/install/px4_ros_com:/root/ros2_offboard/install/px4_msgs:/opt/ros/humble LD_LIBRARY_PATH=/root/ros2_offboard/src/install/px4_msgs/lib:${LD_LIBRARY_PATH} PYTHONPATH=/root/ros2_offboard/src/install/px4_msgs/local/lib/python3.10/dist-packages:${PYTHONPATH} /usr/bin/cmake --install /root/ros2_offboard/src/build/px4_ros_com
