[0.060s] DEBUG:colcon:Command line arguments: ['/usr/bin/colcon', 'build', '--symlink-install']
[0.060s] DEBUG:colcon:Parsed command line arguments: Namespace(log_base=None, log_level=None, verb_name='build', build_base='build', install_base='install', merge_install=False, symlink_install=True, test_result_base=None, continue_on_error=False, executor='parallel', parallel_workers=32, event_handlers=None, ignore_user_meta=False, metas=['./colcon.meta'], base_paths=['.'], packages_ignore=None, packages_ignore_regex=None, paths=None, packages_up_to=None, packages_up_to_regex=None, packages_above=None, packages_above_and_dependencies=None, packages_above_depth=None, packages_select_by_dep=None, packages_skip_by_dep=None, packages_skip_up_to=None, packages_select_build_failed=False, packages_skip_build_finished=False, packages_select_test_failures=False, packages_skip_test_passed=False, packages_select=None, packages_skip=None, packages_select_regex=None, packages_skip_regex=None, packages_start=None, packages_end=None, cmake_args=None, cmake_target=None, cmake_target_skip_unavailable=False, cmake_clean_cache=False, cmake_clean_first=False, cmake_force_configure=False, ament_cmake_args=None, catkin_cmake_args=None, catkin_skip_building_tests=False, mixin_files=None, mixin=None, verb_parser=<colcon_mixin.mixin.mixin_argument.MixinArgumentDecorator object at 0x79ec0bfc38e0>, verb_extension=<colcon_core.verb.build.BuildVerb object at 0x79ec0bfc3310>, main=<bound method BuildVerb.main of <colcon_core.verb.build.BuildVerb object at 0x79ec0bfc3310>>, mixin_verb=('build',))
[0.084s] Level 1:colcon.colcon_core.package_discovery:discover_packages(colcon_meta) check parameters
[0.084s] INFO:colcon.colcon_metadata.package_discovery.colcon_meta:Using configuration from '/root/.colcon/metadata/default/Gazebo.meta'
[0.085s] INFO:colcon.colcon_metadata.package_discovery.colcon_meta:Using configuration from '/root/.colcon/metadata/default/fastrtps.meta'
[0.085s] Level 1:colcon.colcon_core.package_discovery:discover_packages(recursive) check parameters
[0.085s] Level 1:colcon.colcon_core.package_discovery:discover_packages(ignore) check parameters
[0.085s] Level 1:colcon.colcon_core.package_discovery:discover_packages(path) check parameters
[0.085s] Level 1:colcon.colcon_core.package_discovery:discover_packages(colcon_meta) discover
[0.085s] Level 1:colcon.colcon_core.package_discovery:discover_packages(recursive) discover
[0.085s] INFO:colcon.colcon_core.package_discovery:Crawling recursively for packages in '/root/ros2_offboard'
[0.085s] Level 1:colcon.colcon_core.package_identification:_identify(.) by extensions ['ignore', 'ignore_ament_install']
[0.085s] Level 1:colcon.colcon_core.package_identification:_identify(.) by extension 'ignore'
[0.085s] Level 1:colcon.colcon_core.package_identification:_identify(.) by extension 'ignore_ament_install'
[0.085s] Level 1:colcon.colcon_core.package_identification:_identify(.) by extensions ['colcon_pkg']
[0.085s] Level 1:colcon.colcon_core.package_identification:_identify(.) by extension 'colcon_pkg'
[0.085s] Level 1:colcon.colcon_core.package_identification:_identify(.) by extensions ['colcon_meta']
[0.085s] Level 1:colcon.colcon_core.package_identification:_identify(.) by extension 'colcon_meta'
[0.085s] Level 1:colcon.colcon_core.package_identification:_identify(.) by extensions ['ros']
[0.085s] Level 1:colcon.colcon_core.package_identification:_identify(.) by extension 'ros'
[0.094s] Level 1:colcon.colcon_core.package_identification:_identify(.) by extensions ['cmake', 'python']
[0.094s] Level 1:colcon.colcon_core.package_identification:_identify(.) by extension 'cmake'
[0.094s] Level 1:colcon.colcon_core.package_identification:_identify(.) by extension 'python'
[0.094s] Level 1:colcon.colcon_core.package_identification:_identify(.) by extensions ['python_setup_py']
[0.094s] Level 1:colcon.colcon_core.package_identification:_identify(.) by extension 'python_setup_py'
[0.094s] Level 1:colcon.colcon_core.package_identification:_identify(build) by extensions ['ignore', 'ignore_ament_install']
[0.094s] Level 1:colcon.colcon_core.package_identification:_identify(build) by extension 'ignore'
[0.094s] Level 1:colcon.colcon_core.package_identification:_identify(build) ignored
[0.094s] Level 1:colcon.colcon_core.package_identification:_identify(install) by extensions ['ignore', 'ignore_ament_install']
[0.094s] Level 1:colcon.colcon_core.package_identification:_identify(install) by extension 'ignore'
[0.094s] Level 1:colcon.colcon_core.package_identification:_identify(install) ignored
[0.094s] Level 1:colcon.colcon_core.package_identification:_identify(log) by extensions ['ignore', 'ignore_ament_install']
[0.094s] Level 1:colcon.colcon_core.package_identification:_identify(log) by extension 'ignore'
[0.094s] Level 1:colcon.colcon_core.package_identification:_identify(log) ignored
[0.094s] Level 1:colcon.colcon_core.package_identification:_identify(src) by extensions ['ignore', 'ignore_ament_install']
[0.094s] Level 1:colcon.colcon_core.package_identification:_identify(src) by extension 'ignore'
[0.094s] Level 1:colcon.colcon_core.package_identification:_identify(src) by extension 'ignore_ament_install'
[0.094s] Level 1:colcon.colcon_core.package_identification:_identify(src) by extensions ['colcon_pkg']
[0.094s] Level 1:colcon.colcon_core.package_identification:_identify(src) by extension 'colcon_pkg'
[0.094s] Level 1:colcon.colcon_core.package_identification:_identify(src) by extensions ['colcon_meta']
[0.094s] Level 1:colcon.colcon_core.package_identification:_identify(src) by extension 'colcon_meta'
[0.094s] Level 1:colcon.colcon_core.package_identification:_identify(src) by extensions ['ros']
[0.094s] Level 1:colcon.colcon_core.package_identification:_identify(src) by extension 'ros'
[0.094s] Level 1:colcon.colcon_core.package_identification:_identify(src) by extensions ['cmake', 'python']
[0.094s] Level 1:colcon.colcon_core.package_identification:_identify(src) by extension 'cmake'
[0.094s] Level 1:colcon.colcon_core.package_identification:_identify(src) by extension 'python'
[0.094s] Level 1:colcon.colcon_core.package_identification:_identify(src) by extensions ['python_setup_py']
[0.094s] Level 1:colcon.colcon_core.package_identification:_identify(src) by extension 'python_setup_py'
[0.094s] Level 1:colcon.colcon_core.package_identification:_identify(src/px4_msgs) by extensions ['ignore', 'ignore_ament_install']
[0.095s] Level 1:colcon.colcon_core.package_identification:_identify(src/px4_msgs) by extension 'ignore'
[0.095s] Level 1:colcon.colcon_core.package_identification:_identify(src/px4_msgs) by extension 'ignore_ament_install'
[0.095s] Level 1:colcon.colcon_core.package_identification:_identify(src/px4_msgs) by extensions ['colcon_pkg']
[0.095s] Level 1:colcon.colcon_core.package_identification:_identify(src/px4_msgs) by extension 'colcon_pkg'
[0.095s] Level 1:colcon.colcon_core.package_identification:_identify(src/px4_msgs) by extensions ['colcon_meta']
[0.095s] Level 1:colcon.colcon_core.package_identification:_identify(src/px4_msgs) by extension 'colcon_meta'
[0.095s] Level 1:colcon.colcon_core.package_identification:_identify(src/px4_msgs) by extensions ['ros']
[0.095s] Level 1:colcon.colcon_core.package_identification:_identify(src/px4_msgs) by extension 'ros'
[0.096s] DEBUG:colcon.colcon_core.package_identification:Package 'src/px4_msgs' with type 'ros.ament_cmake' and name 'px4_msgs'
[0.096s] Level 1:colcon.colcon_core.package_identification:_identify(src/px4_ros_com) by extensions ['ignore', 'ignore_ament_install']
[0.096s] Level 1:colcon.colcon_core.package_identification:_identify(src/px4_ros_com) by extension 'ignore'
[0.096s] Level 1:colcon.colcon_core.package_identification:_identify(src/px4_ros_com) by extension 'ignore_ament_install'
[0.096s] Level 1:colcon.colcon_core.package_identification:_identify(src/px4_ros_com) by extensions ['colcon_pkg']
[0.096s] Level 1:colcon.colcon_core.package_identification:_identify(src/px4_ros_com) by extension 'colcon_pkg'
[0.096s] Level 1:colcon.colcon_core.package_identification:_identify(src/px4_ros_com) by extensions ['colcon_meta']
[0.096s] Level 1:colcon.colcon_core.package_identification:_identify(src/px4_ros_com) by extension 'colcon_meta'
[0.096s] Level 1:colcon.colcon_core.package_identification:_identify(src/px4_ros_com) by extensions ['ros']
[0.096s] Level 1:colcon.colcon_core.package_identification:_identify(src/px4_ros_com) by extension 'ros'
[0.097s] DEBUG:colcon.colcon_core.package_identification:Package 'src/px4_ros_com' with type 'ros.ament_cmake' and name 'px4_ros_com'
[0.097s] Level 1:colcon.colcon_core.package_discovery:discover_packages(recursive) using defaults
[0.097s] Level 1:colcon.colcon_core.package_discovery:discover_packages(ignore) discover
[0.097s] Level 1:colcon.colcon_core.package_discovery:discover_packages(ignore) using defaults
[0.097s] Level 1:colcon.colcon_core.package_discovery:discover_packages(path) discover
[0.097s] Level 1:colcon.colcon_core.package_discovery:discover_packages(path) using defaults
[0.107s] Level 5:colcon.colcon_core.verb:set package 'px4_msgs' build argument 'cmake_args' from command line to 'None'
[0.107s] Level 5:colcon.colcon_core.verb:set package 'px4_msgs' build argument 'cmake_target' from command line to 'None'
[0.107s] Level 5:colcon.colcon_core.verb:set package 'px4_msgs' build argument 'cmake_target_skip_unavailable' from command line to 'False'
[0.107s] Level 5:colcon.colcon_core.verb:set package 'px4_msgs' build argument 'cmake_clean_cache' from command line to 'False'
[0.107s] Level 5:colcon.colcon_core.verb:set package 'px4_msgs' build argument 'cmake_clean_first' from command line to 'False'
[0.107s] Level 5:colcon.colcon_core.verb:set package 'px4_msgs' build argument 'cmake_force_configure' from command line to 'False'
[0.107s] Level 5:colcon.colcon_core.verb:set package 'px4_msgs' build argument 'ament_cmake_args' from command line to 'None'
[0.107s] Level 5:colcon.colcon_core.verb:set package 'px4_msgs' build argument 'catkin_cmake_args' from command line to 'None'
[0.107s] Level 5:colcon.colcon_core.verb:set package 'px4_msgs' build argument 'catkin_skip_building_tests' from command line to 'False'
[0.108s] DEBUG:colcon.colcon_core.verb:Building package 'px4_msgs' with the following arguments: {'ament_cmake_args': None, 'build_base': '/root/ros2_offboard/build/px4_msgs', 'catkin_cmake_args': None, 'catkin_skip_building_tests': False, 'cmake_args': None, 'cmake_clean_cache': False, 'cmake_clean_first': False, 'cmake_force_configure': False, 'cmake_target': None, 'cmake_target_skip_unavailable': False, 'install_base': '/root/ros2_offboard/install/px4_msgs', 'merge_install': False, 'path': '/root/ros2_offboard/src/px4_msgs', 'symlink_install': True, 'test_result_base': None}
[0.108s] Level 5:colcon.colcon_core.verb:set package 'px4_ros_com' build argument 'cmake_args' from command line to 'None'
[0.108s] Level 5:colcon.colcon_core.verb:set package 'px4_ros_com' build argument 'cmake_target' from command line to 'None'
[0.108s] Level 5:colcon.colcon_core.verb:set package 'px4_ros_com' build argument 'cmake_target_skip_unavailable' from command line to 'False'
[0.108s] Level 5:colcon.colcon_core.verb:set package 'px4_ros_com' build argument 'cmake_clean_cache' from command line to 'False'
[0.108s] Level 5:colcon.colcon_core.verb:set package 'px4_ros_com' build argument 'cmake_clean_first' from command line to 'False'
[0.108s] Level 5:colcon.colcon_core.verb:set package 'px4_ros_com' build argument 'cmake_force_configure' from command line to 'False'
[0.108s] Level 5:colcon.colcon_core.verb:set package 'px4_ros_com' build argument 'ament_cmake_args' from command line to 'None'
[0.108s] Level 5:colcon.colcon_core.verb:set package 'px4_ros_com' build argument 'catkin_cmake_args' from command line to 'None'
[0.108s] Level 5:colcon.colcon_core.verb:set package 'px4_ros_com' build argument 'catkin_skip_building_tests' from command line to 'False'
[0.108s] DEBUG:colcon.colcon_core.verb:Building package 'px4_ros_com' with the following arguments: {'ament_cmake_args': None, 'build_base': '/root/ros2_offboard/build/px4_ros_com', 'catkin_cmake_args': None, 'catkin_skip_building_tests': False, 'cmake_args': None, 'cmake_clean_cache': False, 'cmake_clean_first': False, 'cmake_force_configure': False, 'cmake_target': None, 'cmake_target_skip_unavailable': False, 'install_base': '/root/ros2_offboard/install/px4_ros_com', 'merge_install': False, 'path': '/root/ros2_offboard/src/px4_ros_com', 'symlink_install': True, 'test_result_base': None}
[0.108s] INFO:colcon.colcon_core.executor:Executing jobs using 'parallel' executor
[0.109s] DEBUG:colcon.colcon_parallel_executor.executor.parallel:run_until_complete
[0.109s] INFO:colcon.colcon_ros.task.ament_cmake.build:Building ROS package in '/root/ros2_offboard/src/px4_msgs' with build type 'ament_cmake'
[0.109s] INFO:colcon.colcon_cmake.task.cmake.build:Building CMake package in '/root/ros2_offboard/src/px4_msgs'
[0.110s] INFO:colcon.colcon_core.plugin_system:Skipping extension 'colcon_core.shell.bat': Not used on non-Windows systems
[0.110s] INFO:colcon.colcon_core.shell:Skip shell extension 'powershell' for command environment: Not usable outside of PowerShell
[0.110s] DEBUG:colcon.colcon_core.shell:Skip shell extension 'dsv' for command environment
[0.114s] DEBUG:colcon.colcon_core.event_handler.log_command:Invoking command in '/root/ros2_offboard/build/px4_msgs': CMAKE_PREFIX_PATH=/opt/ros/humble /usr/bin/cmake /root/ros2_offboard/src/px4_msgs -DAMENT_CMAKE_SYMLINK_INSTALL=1 -DCMAKE_INSTALL_PREFIX=/root/ros2_offboard/install/px4_msgs
[2.118s] DEBUG:colcon.colcon_core.event_handler.log_command:Invoked command in '/root/ros2_offboard/build/px4_msgs' returned '0': CMAKE_PREFIX_PATH=/opt/ros/humble /usr/bin/cmake /root/ros2_offboard/src/px4_msgs -DAMENT_CMAKE_SYMLINK_INSTALL=1 -DCMAKE_INSTALL_PREFIX=/root/ros2_offboard/install/px4_msgs
[2.119s] DEBUG:colcon.colcon_core.event_handler.log_command:Invoking command in '/root/ros2_offboard/build/px4_msgs': CMAKE_PREFIX_PATH=/opt/ros/humble /usr/bin/cmake --build /root/ros2_offboard/build/px4_msgs -- -j32 -l32
[104.705s] DEBUG:colcon.colcon_core.event_handler.log_command:Invoked command in '/root/ros2_offboard/build/px4_msgs' returned '0': CMAKE_PREFIX_PATH=/opt/ros/humble /usr/bin/cmake --build /root/ros2_offboard/build/px4_msgs -- -j32 -l32
[106.850s] DEBUG:colcon.colcon_core.event_handler.log_command:Invoking command in '/root/ros2_offboard/build/px4_msgs': CMAKE_PREFIX_PATH=/opt/ros/humble /usr/bin/cmake --install /root/ros2_offboard/build/px4_msgs
[123.236s] Level 1:colcon.colcon_core.environment:create_environment_scripts_only(px4_msgs)
[123.236s] DEBUG:colcon.colcon_core.event_handler.log_command:Invoked command in '/root/ros2_offboard/build/px4_msgs' returned '0': CMAKE_PREFIX_PATH=/opt/ros/humble /usr/bin/cmake --install /root/ros2_offboard/build/px4_msgs
[123.237s] Level 1:colcon.colcon_core.environment:checking '/root/ros2_offboard/install/px4_msgs' for CMake module files
[123.238s] Level 1:colcon.colcon_core.environment:checking '/root/ros2_offboard/install/px4_msgs' for CMake config files
[123.249s] Level 1:colcon.colcon_core.shell:create_environment_hook('px4_msgs', 'cmake_prefix_path')
[123.250s] INFO:colcon.colcon_core.shell:Creating environment hook '/root/ros2_offboard/install/px4_msgs/share/px4_msgs/hook/cmake_prefix_path.ps1'
[123.252s] INFO:colcon.colcon_core.shell:Creating environment descriptor '/root/ros2_offboard/install/px4_msgs/share/px4_msgs/hook/cmake_prefix_path.dsv'
[123.252s] INFO:colcon.colcon_core.shell:Creating environment hook '/root/ros2_offboard/install/px4_msgs/share/px4_msgs/hook/cmake_prefix_path.sh'
[123.253s] Level 1:colcon.colcon_core.environment:checking '/root/ros2_offboard/install/px4_msgs/lib'
[123.253s] Level 1:colcon.colcon_core.shell:create_environment_hook('px4_msgs', 'ld_library_path_lib')
[123.253s] INFO:colcon.colcon_core.shell:Creating environment hook '/root/ros2_offboard/install/px4_msgs/share/px4_msgs/hook/ld_library_path_lib.ps1'
[123.253s] INFO:colcon.colcon_core.shell:Creating environment descriptor '/root/ros2_offboard/install/px4_msgs/share/px4_msgs/hook/ld_library_path_lib.dsv'
[123.253s] INFO:colcon.colcon_core.shell:Creating environment hook '/root/ros2_offboard/install/px4_msgs/share/px4_msgs/hook/ld_library_path_lib.sh'
[123.254s] Level 1:colcon.colcon_core.environment:checking '/root/ros2_offboard/install/px4_msgs/bin'
[123.254s] Level 1:colcon.colcon_core.environment:checking '/root/ros2_offboard/install/px4_msgs/lib/pkgconfig/px4_msgs.pc'
[123.255s] Level 1:colcon.colcon_core.environment:checking '/root/ros2_offboard/install/px4_msgs/lib/python3.10/site-packages'
[123.255s] Level 1:colcon.colcon_core.environment:checking '/root/ros2_offboard/install/px4_msgs/bin'
[123.255s] INFO:colcon.colcon_core.shell:Creating package script '/root/ros2_offboard/install/px4_msgs/share/px4_msgs/package.ps1'
[123.255s] INFO:colcon.colcon_core.shell:Creating package descriptor '/root/ros2_offboard/install/px4_msgs/share/px4_msgs/package.dsv'
[123.256s] INFO:colcon.colcon_core.shell:Creating package script '/root/ros2_offboard/install/px4_msgs/share/px4_msgs/package.sh'
[123.256s] INFO:colcon.colcon_core.shell:Creating package script '/root/ros2_offboard/install/px4_msgs/share/px4_msgs/package.bash'
[123.256s] INFO:colcon.colcon_core.shell:Creating package script '/root/ros2_offboard/install/px4_msgs/share/px4_msgs/package.zsh'
[123.257s] Level 1:colcon.colcon_core.environment:create_file_with_runtime_dependencies(/root/ros2_offboard/install/px4_msgs/share/colcon-core/packages/px4_msgs)
[125.444s] Level 1:colcon.colcon_core.environment:create_environment_scripts_only(px4_msgs)
[125.444s] Level 1:colcon.colcon_core.environment:checking '/root/ros2_offboard/install/px4_msgs' for CMake module files
[125.444s] Level 1:colcon.colcon_core.environment:checking '/root/ros2_offboard/install/px4_msgs' for CMake config files
[125.454s] Level 1:colcon.colcon_core.shell:create_environment_hook('px4_msgs', 'cmake_prefix_path')
[125.454s] INFO:colcon.colcon_core.shell:Creating environment hook '/root/ros2_offboard/install/px4_msgs/share/px4_msgs/hook/cmake_prefix_path.ps1'
[125.455s] INFO:colcon.colcon_core.shell:Creating environment descriptor '/root/ros2_offboard/install/px4_msgs/share/px4_msgs/hook/cmake_prefix_path.dsv'
[125.455s] INFO:colcon.colcon_core.shell:Creating environment hook '/root/ros2_offboard/install/px4_msgs/share/px4_msgs/hook/cmake_prefix_path.sh'
[125.455s] Level 1:colcon.colcon_core.environment:checking '/root/ros2_offboard/install/px4_msgs/lib'
[125.455s] Level 1:colcon.colcon_core.shell:create_environment_hook('px4_msgs', 'ld_library_path_lib')
[125.455s] INFO:colcon.colcon_core.shell:Creating environment hook '/root/ros2_offboard/install/px4_msgs/share/px4_msgs/hook/ld_library_path_lib.ps1'
[125.456s] INFO:colcon.colcon_core.shell:Creating environment descriptor '/root/ros2_offboard/install/px4_msgs/share/px4_msgs/hook/ld_library_path_lib.dsv'
[125.456s] INFO:colcon.colcon_core.shell:Creating environment hook '/root/ros2_offboard/install/px4_msgs/share/px4_msgs/hook/ld_library_path_lib.sh'
[125.456s] Level 1:colcon.colcon_core.environment:checking '/root/ros2_offboard/install/px4_msgs/bin'
[125.456s] Level 1:colcon.colcon_core.environment:checking '/root/ros2_offboard/install/px4_msgs/lib/pkgconfig/px4_msgs.pc'
[125.456s] Level 1:colcon.colcon_core.environment:checking '/root/ros2_offboard/install/px4_msgs/lib/python3.10/site-packages'
[125.456s] Level 1:colcon.colcon_core.environment:checking '/root/ros2_offboard/install/px4_msgs/bin'
[125.456s] INFO:colcon.colcon_core.shell:Creating package script '/root/ros2_offboard/install/px4_msgs/share/px4_msgs/package.ps1'
[125.457s] INFO:colcon.colcon_core.shell:Creating package descriptor '/root/ros2_offboard/install/px4_msgs/share/px4_msgs/package.dsv'
[125.457s] INFO:colcon.colcon_core.shell:Creating package script '/root/ros2_offboard/install/px4_msgs/share/px4_msgs/package.sh'
[125.457s] INFO:colcon.colcon_core.shell:Creating package script '/root/ros2_offboard/install/px4_msgs/share/px4_msgs/package.bash'
[125.457s] INFO:colcon.colcon_core.shell:Creating package script '/root/ros2_offboard/install/px4_msgs/share/px4_msgs/package.zsh'
[125.457s] Level 1:colcon.colcon_core.environment:create_file_with_runtime_dependencies(/root/ros2_offboard/install/px4_msgs/share/colcon-core/packages/px4_msgs)
[125.457s] INFO:colcon.colcon_ros.task.ament_cmake.build:Building ROS package in '/root/ros2_offboard/src/px4_ros_com' with build type 'ament_cmake'
[125.458s] INFO:colcon.colcon_cmake.task.cmake.build:Building CMake package in '/root/ros2_offboard/src/px4_ros_com'
[125.458s] INFO:colcon.colcon_core.shell:Skip shell extension 'powershell' for command environment: Not usable outside of PowerShell
[125.458s] DEBUG:colcon.colcon_core.shell:Skip shell extension 'dsv' for command environment
[125.463s] DEBUG:colcon.colcon_core.event_handler.log_command:Invoking command in '/root/ros2_offboard/build/px4_ros_com': AMENT_PREFIX_PATH=/root/ros2_offboard/install/px4_msgs:${AMENT_PREFIX_PATH} CMAKE_PREFIX_PATH=/root/ros2_offboard/install/px4_msgs:/opt/ros/humble LD_LIBRARY_PATH=/root/ros2_offboard/install/px4_msgs/lib:${LD_LIBRARY_PATH} PYTHONPATH=/root/ros2_offboard/install/px4_msgs/local/lib/python3.10/dist-packages:${PYTHONPATH} /usr/bin/cmake /root/ros2_offboard/src/px4_ros_com -DAMENT_CMAKE_SYMLINK_INSTALL=1 -DCMAKE_INSTALL_PREFIX=/root/ros2_offboard/install/px4_ros_com
[126.633s] DEBUG:colcon.colcon_core.event_handler.log_command:Invoked command in '/root/ros2_offboard/build/px4_ros_com' returned '0': AMENT_PREFIX_PATH=/root/ros2_offboard/install/px4_msgs:${AMENT_PREFIX_PATH} CMAKE_PREFIX_PATH=/root/ros2_offboard/install/px4_msgs:/opt/ros/humble LD_LIBRARY_PATH=/root/ros2_offboard/install/px4_msgs/lib:${LD_LIBRARY_PATH} PYTHONPATH=/root/ros2_offboard/install/px4_msgs/local/lib/python3.10/dist-packages:${PYTHONPATH} /usr/bin/cmake /root/ros2_offboard/src/px4_ros_com -DAMENT_CMAKE_SYMLINK_INSTALL=1 -DCMAKE_INSTALL_PREFIX=/root/ros2_offboard/install/px4_ros_com
[126.634s] DEBUG:colcon.colcon_core.event_handler.log_command:Invoking command in '/root/ros2_offboard/build/px4_ros_com': AMENT_PREFIX_PATH=/root/ros2_offboard/install/px4_msgs:${AMENT_PREFIX_PATH} CMAKE_PREFIX_PATH=/root/ros2_offboard/install/px4_msgs:/opt/ros/humble LD_LIBRARY_PATH=/root/ros2_offboard/install/px4_msgs/lib:${LD_LIBRARY_PATH} PYTHONPATH=/root/ros2_offboard/install/px4_msgs/local/lib/python3.10/dist-packages:${PYTHONPATH} /usr/bin/cmake --build /root/ros2_offboard/build/px4_ros_com -- -j32 -l32
[132.747s] DEBUG:colcon.colcon_core.event_handler.log_command:Invoked command in '/root/ros2_offboard/build/px4_ros_com' returned '0': AMENT_PREFIX_PATH=/root/ros2_offboard/install/px4_msgs:${AMENT_PREFIX_PATH} CMAKE_PREFIX_PATH=/root/ros2_offboard/install/px4_msgs:/opt/ros/humble LD_LIBRARY_PATH=/root/ros2_offboard/install/px4_msgs/lib:${LD_LIBRARY_PATH} PYTHONPATH=/root/ros2_offboard/install/px4_msgs/local/lib/python3.10/dist-packages:${PYTHONPATH} /usr/bin/cmake --build /root/ros2_offboard/build/px4_ros_com -- -j32 -l32
[132.770s] DEBUG:colcon.colcon_core.event_handler.log_command:Invoking command in '/root/ros2_offboard/build/px4_ros_com': AMENT_PREFIX_PATH=/root/ros2_offboard/install/px4_msgs:${AMENT_PREFIX_PATH} CMAKE_PREFIX_PATH=/root/ros2_offboard/install/px4_msgs:/opt/ros/humble LD_LIBRARY_PATH=/root/ros2_offboard/install/px4_msgs/lib:${LD_LIBRARY_PATH} PYTHONPATH=/root/ros2_offboard/install/px4_msgs/local/lib/python3.10/dist-packages:${PYTHONPATH} /usr/bin/cmake --install /root/ros2_offboard/build/px4_ros_com
[132.997s] Level 1:colcon.colcon_core.environment:create_environment_scripts_only(px4_ros_com)
[132.997s] DEBUG:colcon.colcon_core.event_handler.log_command:Invoked command in '/root/ros2_offboard/build/px4_ros_com' returned '0': AMENT_PREFIX_PATH=/root/ros2_offboard/install/px4_msgs:${AMENT_PREFIX_PATH} CMAKE_PREFIX_PATH=/root/ros2_offboard/install/px4_msgs:/opt/ros/humble LD_LIBRARY_PATH=/root/ros2_offboard/install/px4_msgs/lib:${LD_LIBRARY_PATH} PYTHONPATH=/root/ros2_offboard/install/px4_msgs/local/lib/python3.10/dist-packages:${PYTHONPATH} /usr/bin/cmake --install /root/ros2_offboard/build/px4_ros_com
[132.997s] Level 1:colcon.colcon_core.environment:checking '/root/ros2_offboard/install/px4_ros_com' for CMake module files
[132.998s] Level 1:colcon.colcon_core.environment:checking '/root/ros2_offboard/install/px4_ros_com' for CMake config files
[132.998s] Level 1:colcon.colcon_core.shell:create_environment_hook('px4_ros_com', 'cmake_prefix_path')
[132.998s] INFO:colcon.colcon_core.shell:Creating environment hook '/root/ros2_offboard/install/px4_ros_com/share/px4_ros_com/hook/cmake_prefix_path.ps1'
[132.999s] INFO:colcon.colcon_core.shell:Creating environment descriptor '/root/ros2_offboard/install/px4_ros_com/share/px4_ros_com/hook/cmake_prefix_path.dsv'
[132.999s] INFO:colcon.colcon_core.shell:Creating environment hook '/root/ros2_offboard/install/px4_ros_com/share/px4_ros_com/hook/cmake_prefix_path.sh'
[132.999s] Level 1:colcon.colcon_core.environment:checking '/root/ros2_offboard/install/px4_ros_com/lib'
[132.999s] Level 1:colcon.colcon_core.shell:create_environment_hook('px4_ros_com', 'ld_library_path_lib')
[132.999s] INFO:colcon.colcon_core.shell:Creating environment hook '/root/ros2_offboard/install/px4_ros_com/share/px4_ros_com/hook/ld_library_path_lib.ps1'
[132.999s] INFO:colcon.colcon_core.shell:Creating environment descriptor '/root/ros2_offboard/install/px4_ros_com/share/px4_ros_com/hook/ld_library_path_lib.dsv'
[133.000s] INFO:colcon.colcon_core.shell:Creating environment hook '/root/ros2_offboard/install/px4_ros_com/share/px4_ros_com/hook/ld_library_path_lib.sh'
[133.000s] Level 1:colcon.colcon_core.environment:checking '/root/ros2_offboard/install/px4_ros_com/bin'
[133.000s] Level 1:colcon.colcon_core.environment:checking '/root/ros2_offboard/install/px4_ros_com/lib/pkgconfig/px4_ros_com.pc'
[133.000s] Level 1:colcon.colcon_core.environment:checking '/root/ros2_offboard/install/px4_ros_com/lib/python3.10/site-packages'
[133.000s] Level 1:colcon.colcon_core.environment:checking '/root/ros2_offboard/install/px4_ros_com/bin'
[133.000s] INFO:colcon.colcon_core.shell:Creating package script '/root/ros2_offboard/install/px4_ros_com/share/px4_ros_com/package.ps1'
[133.001s] INFO:colcon.colcon_core.shell:Creating package descriptor '/root/ros2_offboard/install/px4_ros_com/share/px4_ros_com/package.dsv'
[133.001s] INFO:colcon.colcon_core.shell:Creating package script '/root/ros2_offboard/install/px4_ros_com/share/px4_ros_com/package.sh'
[133.001s] INFO:colcon.colcon_core.shell:Creating package script '/root/ros2_offboard/install/px4_ros_com/share/px4_ros_com/package.bash'
[133.001s] INFO:colcon.colcon_core.shell:Creating package script '/root/ros2_offboard/install/px4_ros_com/share/px4_ros_com/package.zsh'
[133.002s] Level 1:colcon.colcon_core.environment:create_file_with_runtime_dependencies(/root/ros2_offboard/install/px4_ros_com/share/colcon-core/packages/px4_ros_com)
[133.024s] Level 1:colcon.colcon_core.environment:create_environment_scripts_only(px4_ros_com)
[133.024s] Level 1:colcon.colcon_core.environment:checking '/root/ros2_offboard/install/px4_ros_com' for CMake module files
[133.024s] Level 1:colcon.colcon_core.environment:checking '/root/ros2_offboard/install/px4_ros_com' for CMake config files
[133.025s] Level 1:colcon.colcon_core.shell:create_environment_hook('px4_ros_com', 'cmake_prefix_path')
[133.025s] INFO:colcon.colcon_core.shell:Creating environment hook '/root/ros2_offboard/install/px4_ros_com/share/px4_ros_com/hook/cmake_prefix_path.ps1'
[133.025s] INFO:colcon.colcon_core.shell:Creating environment descriptor '/root/ros2_offboard/install/px4_ros_com/share/px4_ros_com/hook/cmake_prefix_path.dsv'
[133.025s] INFO:colcon.colcon_core.shell:Creating environment hook '/root/ros2_offboard/install/px4_ros_com/share/px4_ros_com/hook/cmake_prefix_path.sh'
[133.026s] Level 1:colcon.colcon_core.environment:checking '/root/ros2_offboard/install/px4_ros_com/lib'
[133.026s] Level 1:colcon.colcon_core.shell:create_environment_hook('px4_ros_com', 'ld_library_path_lib')
[133.026s] INFO:colcon.colcon_core.shell:Creating environment hook '/root/ros2_offboard/install/px4_ros_com/share/px4_ros_com/hook/ld_library_path_lib.ps1'
[133.026s] INFO:colcon.colcon_core.shell:Creating environment descriptor '/root/ros2_offboard/install/px4_ros_com/share/px4_ros_com/hook/ld_library_path_lib.dsv'
[133.026s] INFO:colcon.colcon_core.shell:Creating environment hook '/root/ros2_offboard/install/px4_ros_com/share/px4_ros_com/hook/ld_library_path_lib.sh'
[133.026s] Level 1:colcon.colcon_core.environment:checking '/root/ros2_offboard/install/px4_ros_com/bin'
[133.026s] Level 1:colcon.colcon_core.environment:checking '/root/ros2_offboard/install/px4_ros_com/lib/pkgconfig/px4_ros_com.pc'
[133.026s] Level 1:colcon.colcon_core.environment:checking '/root/ros2_offboard/install/px4_ros_com/lib/python3.10/site-packages'
[133.026s] Level 1:colcon.colcon_core.environment:checking '/root/ros2_offboard/install/px4_ros_com/bin'
[133.027s] INFO:colcon.colcon_core.shell:Creating package script '/root/ros2_offboard/install/px4_ros_com/share/px4_ros_com/package.ps1'
[133.027s] INFO:colcon.colcon_core.shell:Creating package descriptor '/root/ros2_offboard/install/px4_ros_com/share/px4_ros_com/package.dsv'
[133.027s] INFO:colcon.colcon_core.shell:Creating package script '/root/ros2_offboard/install/px4_ros_com/share/px4_ros_com/package.sh'
[133.027s] INFO:colcon.colcon_core.shell:Creating package script '/root/ros2_offboard/install/px4_ros_com/share/px4_ros_com/package.bash'
[133.027s] INFO:colcon.colcon_core.shell:Creating package script '/root/ros2_offboard/install/px4_ros_com/share/px4_ros_com/package.zsh'
[133.028s] Level 1:colcon.colcon_core.environment:create_file_with_runtime_dependencies(/root/ros2_offboard/install/px4_ros_com/share/colcon-core/packages/px4_ros_com)
[133.028s] DEBUG:colcon.colcon_parallel_executor.executor.parallel:closing loop
[133.028s] DEBUG:colcon.colcon_parallel_executor.executor.parallel:loop closed
[133.028s] DEBUG:colcon.colcon_parallel_executor.executor.parallel:run_until_complete finished with '0'
[133.028s] DEBUG:colcon.colcon_core.event_reactor:joining thread
[133.031s] INFO:colcon.colcon_core.plugin_system:Skipping extension 'colcon_notification.desktop_notification.notify_send': Could not find 'notify-send'
[133.031s] INFO:colcon.colcon_core.plugin_system:Skipping extension 'colcon_notification.desktop_notification.terminal_notifier': Not used on non-Darwin systems
[133.031s] INFO:colcon.colcon_core.plugin_system:Skipping extension 'colcon_notification.desktop_notification.win32': Not used on non-Windows systems
[133.031s] INFO:colcon.colcon_notification.desktop_notification:Sending desktop notification using 'notify2'
[133.033s] DEBUG:colcon.colcon_notification.desktop_notification.notify2:Failed to initialize notify2: org.freedesktop.DBus.Error.Spawn.ExecFailed: /usr/bin/dbus-launch terminated abnormally without any error message
[133.033s] DEBUG:colcon.colcon_core.event_reactor:joined thread
[133.033s] INFO:colcon.colcon_core.shell:Creating prefix script '/root/ros2_offboard/install/local_setup.ps1'
[133.034s] INFO:colcon.colcon_core.shell:Creating prefix util module '/root/ros2_offboard/install/_local_setup_util_ps1.py'
[133.035s] INFO:colcon.colcon_core.shell:Creating prefix chain script '/root/ros2_offboard/install/setup.ps1'
[133.035s] INFO:colcon.colcon_core.shell:Creating prefix script '/root/ros2_offboard/install/local_setup.sh'
[133.035s] INFO:colcon.colcon_core.shell:Creating prefix util module '/root/ros2_offboard/install/_local_setup_util_sh.py'
[133.036s] INFO:colcon.colcon_core.shell:Creating prefix chain script '/root/ros2_offboard/install/setup.sh'
[133.036s] INFO:colcon.colcon_core.shell:Creating prefix script '/root/ros2_offboard/install/local_setup.bash'
[133.036s] INFO:colcon.colcon_core.shell:Creating prefix chain script '/root/ros2_offboard/install/setup.bash'
[133.037s] INFO:colcon.colcon_core.shell:Creating prefix script '/root/ros2_offboard/install/local_setup.zsh'
[133.037s] INFO:colcon.colcon_core.shell:Creating prefix chain script '/root/ros2_offboard/install/setup.zsh'
