[0.072s] DEBUG:colcon:Command line arguments: ['/usr/bin/colcon', 'build']
[0.072s] DEBUG:colcon:Parsed command line arguments: Namespace(log_base=None, log_level=None, verb_name='build', build_base='build', install_base='install', merge_install=False, symlink_install=False, test_result_base=None, continue_on_error=False, executor='parallel', parallel_workers=32, event_handlers=None, ignore_user_meta=False, metas=['./colcon.meta'], base_paths=['.'], packages_ignore=None, packages_ignore_regex=None, paths=None, packages_up_to=None, packages_up_to_regex=None, packages_above=None, packages_above_and_dependencies=None, packages_above_depth=None, packages_select_by_dep=None, packages_skip_by_dep=None, packages_skip_up_to=None, packages_select_build_failed=False, packages_skip_build_finished=False, packages_select_test_failures=False, packages_skip_test_passed=False, packages_select=None, packages_skip=None, packages_select_regex=None, packages_skip_regex=None, packages_start=None, packages_end=None, cmake_args=None, cmake_target=None, cmake_target_skip_unavailable=False, cmake_clean_cache=False, cmake_clean_first=False, cmake_force_configure=False, ament_cmake_args=None, catkin_cmake_args=None, catkin_skip_building_tests=False, mixin_files=None, mixin=None, verb_parser=<colcon_mixin.mixin.mixin_argument.MixinArgumentDecorator object at 0x704ca6620310>, verb_extension=<colcon_core.verb.build.BuildVerb object at 0x704ca65ebd00>, main=<bound method BuildVerb.main of <colcon_core.verb.build.BuildVerb object at 0x704ca65ebd00>>, mixin_verb=('build',))
[0.099s] Level 1:colcon.colcon_core.package_discovery:discover_packages(colcon_meta) check parameters
[0.100s] INFO:colcon.colcon_metadata.package_discovery.colcon_meta:Using configuration from '/root/.colcon/metadata/default/Gazebo.meta'
[0.100s] INFO:colcon.colcon_metadata.package_discovery.colcon_meta:Using configuration from '/root/.colcon/metadata/default/fastrtps.meta'
[0.100s] Level 1:colcon.colcon_core.package_discovery:discover_packages(recursive) check parameters
[0.100s] Level 1:colcon.colcon_core.package_discovery:discover_packages(ignore) check parameters
[0.100s] Level 1:colcon.colcon_core.package_discovery:discover_packages(path) check parameters
[0.100s] Level 1:colcon.colcon_core.package_discovery:discover_packages(colcon_meta) discover
[0.100s] Level 1:colcon.colcon_core.package_discovery:discover_packages(recursive) discover
[0.100s] INFO:colcon.colcon_core.package_discovery:Crawling recursively for packages in '/root/ros2_offboard/src'
[0.100s] Level 1:colcon.colcon_core.package_identification:_identify(.) by extensions ['ignore', 'ignore_ament_install']
[0.101s] Level 1:colcon.colcon_core.package_identification:_identify(.) by extension 'ignore'
[0.101s] Level 1:colcon.colcon_core.package_identification:_identify(.) by extension 'ignore_ament_install'
[0.101s] Level 1:colcon.colcon_core.package_identification:_identify(.) by extensions ['colcon_pkg']
[0.101s] Level 1:colcon.colcon_core.package_identification:_identify(.) by extension 'colcon_pkg'
[0.101s] Level 1:colcon.colcon_core.package_identification:_identify(.) by extensions ['colcon_meta']
[0.101s] Level 1:colcon.colcon_core.package_identification:_identify(.) by extension 'colcon_meta'
[0.101s] Level 1:colcon.colcon_core.package_identification:_identify(.) by extensions ['ros']
[0.101s] Level 1:colcon.colcon_core.package_identification:_identify(.) by extension 'ros'
[0.110s] Level 1:colcon.colcon_core.package_identification:_identify(.) by extensions ['cmake', 'python']
[0.110s] Level 1:colcon.colcon_core.package_identification:_identify(.) by extension 'cmake'
[0.110s] Level 1:colcon.colcon_core.package_identification:_identify(.) by extension 'python'
[0.110s] Level 1:colcon.colcon_core.package_identification:_identify(.) by extensions ['python_setup_py']
[0.110s] Level 1:colcon.colcon_core.package_identification:_identify(.) by extension 'python_setup_py'
[0.111s] Level 1:colcon.colcon_core.package_identification:_identify(build) by extensions ['ignore', 'ignore_ament_install']
[0.111s] Level 1:colcon.colcon_core.package_identification:_identify(build) by extension 'ignore'
[0.111s] Level 1:colcon.colcon_core.package_identification:_identify(build) ignored
[0.111s] Level 1:colcon.colcon_core.package_identification:_identify(install) by extensions ['ignore', 'ignore_ament_install']
[0.111s] Level 1:colcon.colcon_core.package_identification:_identify(install) by extension 'ignore'
[0.111s] Level 1:colcon.colcon_core.package_identification:_identify(install) ignored
[0.111s] Level 1:colcon.colcon_core.package_identification:_identify(log) by extensions ['ignore', 'ignore_ament_install']
[0.111s] Level 1:colcon.colcon_core.package_identification:_identify(log) by extension 'ignore'
[0.111s] Level 1:colcon.colcon_core.package_identification:_identify(log) ignored
[0.111s] Level 1:colcon.colcon_core.package_identification:_identify(px4_msgs) by extensions ['ignore', 'ignore_ament_install']
[0.111s] Level 1:colcon.colcon_core.package_identification:_identify(px4_msgs) by extension 'ignore'
[0.111s] Level 1:colcon.colcon_core.package_identification:_identify(px4_msgs) by extension 'ignore_ament_install'
[0.111s] Level 1:colcon.colcon_core.package_identification:_identify(px4_msgs) by extensions ['colcon_pkg']
[0.111s] Level 1:colcon.colcon_core.package_identification:_identify(px4_msgs) by extension 'colcon_pkg'
[0.111s] Level 1:colcon.colcon_core.package_identification:_identify(px4_msgs) by extensions ['colcon_meta']
[0.111s] Level 1:colcon.colcon_core.package_identification:_identify(px4_msgs) by extension 'colcon_meta'
[0.111s] Level 1:colcon.colcon_core.package_identification:_identify(px4_msgs) by extensions ['ros']
[0.111s] Level 1:colcon.colcon_core.package_identification:_identify(px4_msgs) by extension 'ros'
[0.113s] DEBUG:colcon.colcon_core.package_identification:Package 'px4_msgs' with type 'ros.ament_cmake' and name 'px4_msgs'
[0.113s] Level 1:colcon.colcon_core.package_identification:_identify(px4_ros_com) by extensions ['ignore', 'ignore_ament_install']
[0.113s] Level 1:colcon.colcon_core.package_identification:_identify(px4_ros_com) by extension 'ignore'
[0.113s] Level 1:colcon.colcon_core.package_identification:_identify(px4_ros_com) by extension 'ignore_ament_install'
[0.113s] Level 1:colcon.colcon_core.package_identification:_identify(px4_ros_com) by extensions ['colcon_pkg']
[0.113s] Level 1:colcon.colcon_core.package_identification:_identify(px4_ros_com) by extension 'colcon_pkg'
[0.113s] Level 1:colcon.colcon_core.package_identification:_identify(px4_ros_com) by extensions ['colcon_meta']
[0.113s] Level 1:colcon.colcon_core.package_identification:_identify(px4_ros_com) by extension 'colcon_meta'
[0.113s] Level 1:colcon.colcon_core.package_identification:_identify(px4_ros_com) by extensions ['ros']
[0.113s] Level 1:colcon.colcon_core.package_identification:_identify(px4_ros_com) by extension 'ros'
[0.114s] DEBUG:colcon.colcon_core.package_identification:Package 'px4_ros_com' with type 'ros.ament_cmake' and name 'px4_ros_com'
[0.114s] Level 1:colcon.colcon_core.package_discovery:discover_packages(recursive) using defaults
[0.114s] Level 1:colcon.colcon_core.package_discovery:discover_packages(ignore) discover
[0.114s] Level 1:colcon.colcon_core.package_discovery:discover_packages(ignore) using defaults
[0.114s] Level 1:colcon.colcon_core.package_discovery:discover_packages(path) discover
[0.114s] Level 1:colcon.colcon_core.package_discovery:discover_packages(path) using defaults
[0.127s] Level 5:colcon.colcon_core.verb:set package 'px4_msgs' build argument 'cmake_args' from command line to 'None'
[0.128s] Level 5:colcon.colcon_core.verb:set package 'px4_msgs' build argument 'cmake_target' from command line to 'None'
[0.128s] Level 5:colcon.colcon_core.verb:set package 'px4_msgs' build argument 'cmake_target_skip_unavailable' from command line to 'False'
[0.128s] Level 5:colcon.colcon_core.verb:set package 'px4_msgs' build argument 'cmake_clean_cache' from command line to 'False'
[0.128s] Level 5:colcon.colcon_core.verb:set package 'px4_msgs' build argument 'cmake_clean_first' from command line to 'False'
[0.128s] Level 5:colcon.colcon_core.verb:set package 'px4_msgs' build argument 'cmake_force_configure' from command line to 'False'
[0.128s] Level 5:colcon.colcon_core.verb:set package 'px4_msgs' build argument 'ament_cmake_args' from command line to 'None'
[0.128s] Level 5:colcon.colcon_core.verb:set package 'px4_msgs' build argument 'catkin_cmake_args' from command line to 'None'
[0.128s] Level 5:colcon.colcon_core.verb:set package 'px4_msgs' build argument 'catkin_skip_building_tests' from command line to 'False'
[0.128s] DEBUG:colcon.colcon_core.verb:Building package 'px4_msgs' with the following arguments: {'ament_cmake_args': None, 'build_base': '/root/ros2_offboard/src/build/px4_msgs', 'catkin_cmake_args': None, 'catkin_skip_building_tests': False, 'cmake_args': None, 'cmake_clean_cache': False, 'cmake_clean_first': False, 'cmake_force_configure': False, 'cmake_target': None, 'cmake_target_skip_unavailable': False, 'install_base': '/root/ros2_offboard/src/install/px4_msgs', 'merge_install': False, 'path': '/root/ros2_offboard/src/px4_msgs', 'symlink_install': False, 'test_result_base': None}
[0.128s] Level 5:colcon.colcon_core.verb:set package 'px4_ros_com' build argument 'cmake_args' from command line to 'None'
[0.128s] Level 5:colcon.colcon_core.verb:set package 'px4_ros_com' build argument 'cmake_target' from command line to 'None'
[0.128s] Level 5:colcon.colcon_core.verb:set package 'px4_ros_com' build argument 'cmake_target_skip_unavailable' from command line to 'False'
[0.128s] Level 5:colcon.colcon_core.verb:set package 'px4_ros_com' build argument 'cmake_clean_cache' from command line to 'False'
[0.128s] Level 5:colcon.colcon_core.verb:set package 'px4_ros_com' build argument 'cmake_clean_first' from command line to 'False'
[0.128s] Level 5:colcon.colcon_core.verb:set package 'px4_ros_com' build argument 'cmake_force_configure' from command line to 'False'
[0.128s] Level 5:colcon.colcon_core.verb:set package 'px4_ros_com' build argument 'ament_cmake_args' from command line to 'None'
[0.128s] Level 5:colcon.colcon_core.verb:set package 'px4_ros_com' build argument 'catkin_cmake_args' from command line to 'None'
[0.128s] Level 5:colcon.colcon_core.verb:set package 'px4_ros_com' build argument 'catkin_skip_building_tests' from command line to 'False'
[0.128s] DEBUG:colcon.colcon_core.verb:Building package 'px4_ros_com' with the following arguments: {'ament_cmake_args': None, 'build_base': '/root/ros2_offboard/src/build/px4_ros_com', 'catkin_cmake_args': None, 'catkin_skip_building_tests': False, 'cmake_args': None, 'cmake_clean_cache': False, 'cmake_clean_first': False, 'cmake_force_configure': False, 'cmake_target': None, 'cmake_target_skip_unavailable': False, 'install_base': '/root/ros2_offboard/src/install/px4_ros_com', 'merge_install': False, 'path': '/root/ros2_offboard/src/px4_ros_com', 'symlink_install': False, 'test_result_base': None}
[0.128s] INFO:colcon.colcon_core.executor:Executing jobs using 'parallel' executor
[0.129s] DEBUG:colcon.colcon_parallel_executor.executor.parallel:run_until_complete
[0.129s] INFO:colcon.colcon_ros.task.ament_cmake.build:Building ROS package in '/root/ros2_offboard/src/px4_msgs' with build type 'ament_cmake'
[0.129s] INFO:colcon.colcon_cmake.task.cmake.build:Building CMake package in '/root/ros2_offboard/src/px4_msgs'
[0.130s] INFO:colcon.colcon_core.plugin_system:Skipping extension 'colcon_core.shell.bat': Not used on non-Windows systems
[0.130s] INFO:colcon.colcon_core.shell:Skip shell extension 'powershell' for command environment: Not usable outside of PowerShell
[0.130s] DEBUG:colcon.colcon_core.shell:Skip shell extension 'dsv' for command environment
[0.137s] DEBUG:colcon.colcon_core.event_handler.log_command:Invoking command in '/root/ros2_offboard/src/build/px4_msgs': CMAKE_PREFIX_PATH=${CMAKE_PREFIX_PATH}:/opt/ros/humble /usr/bin/cmake /root/ros2_offboard/src/px4_msgs -DCMAKE_INSTALL_PREFIX=/root/ros2_offboard/src/install/px4_msgs
[2.426s] DEBUG:colcon.colcon_core.event_handler.log_command:Invoked command in '/root/ros2_offboard/src/build/px4_msgs' returned '0': CMAKE_PREFIX_PATH=${CMAKE_PREFIX_PATH}:/opt/ros/humble /usr/bin/cmake /root/ros2_offboard/src/px4_msgs -DCMAKE_INSTALL_PREFIX=/root/ros2_offboard/src/install/px4_msgs
[2.428s] DEBUG:colcon.colcon_core.event_handler.log_command:Invoking command in '/root/ros2_offboard/src/build/px4_msgs': CMAKE_PREFIX_PATH=${CMAKE_PREFIX_PATH}:/opt/ros/humble /usr/bin/cmake --build /root/ros2_offboard/src/build/px4_msgs -- -j32 -l32
[105.086s] DEBUG:colcon.colcon_core.event_handler.log_command:Invoked command in '/root/ros2_offboard/src/build/px4_msgs' returned '0': CMAKE_PREFIX_PATH=${CMAKE_PREFIX_PATH}:/opt/ros/humble /usr/bin/cmake --build /root/ros2_offboard/src/build/px4_msgs -- -j32 -l32
[109.147s] DEBUG:colcon.colcon_core.event_handler.log_command:Invoking command in '/root/ros2_offboard/src/build/px4_msgs': CMAKE_PREFIX_PATH=${CMAKE_PREFIX_PATH}:/opt/ros/humble /usr/bin/cmake --install /root/ros2_offboard/src/build/px4_msgs
[109.831s] Level 1:colcon.colcon_core.environment:create_environment_scripts_only(px4_msgs)
[109.831s] DEBUG:colcon.colcon_core.event_handler.log_command:Invoked command in '/root/ros2_offboard/src/build/px4_msgs' returned '0': CMAKE_PREFIX_PATH=${CMAKE_PREFIX_PATH}:/opt/ros/humble /usr/bin/cmake --install /root/ros2_offboard/src/build/px4_msgs
[109.832s] Level 1:colcon.colcon_core.environment:checking '/root/ros2_offboard/src/install/px4_msgs' for CMake module files
[109.833s] Level 1:colcon.colcon_core.environment:checking '/root/ros2_offboard/src/install/px4_msgs' for CMake config files
[109.835s] Level 1:colcon.colcon_core.shell:create_environment_hook('px4_msgs', 'cmake_prefix_path')
[109.835s] INFO:colcon.colcon_core.shell:Creating environment hook '/root/ros2_offboard/src/install/px4_msgs/share/px4_msgs/hook/cmake_prefix_path.ps1'
[109.836s] INFO:colcon.colcon_core.shell:Creating environment descriptor '/root/ros2_offboard/src/install/px4_msgs/share/px4_msgs/hook/cmake_prefix_path.dsv'
[109.836s] INFO:colcon.colcon_core.shell:Creating environment hook '/root/ros2_offboard/src/install/px4_msgs/share/px4_msgs/hook/cmake_prefix_path.sh'
[109.837s] Level 1:colcon.colcon_core.environment:checking '/root/ros2_offboard/src/install/px4_msgs/lib'
[109.837s] Level 1:colcon.colcon_core.shell:create_environment_hook('px4_msgs', 'ld_library_path_lib')
[109.837s] INFO:colcon.colcon_core.shell:Creating environment hook '/root/ros2_offboard/src/install/px4_msgs/share/px4_msgs/hook/ld_library_path_lib.ps1'
[109.838s] INFO:colcon.colcon_core.shell:Creating environment descriptor '/root/ros2_offboard/src/install/px4_msgs/share/px4_msgs/hook/ld_library_path_lib.dsv'
[109.838s] INFO:colcon.colcon_core.shell:Creating environment hook '/root/ros2_offboard/src/install/px4_msgs/share/px4_msgs/hook/ld_library_path_lib.sh'
[109.838s] Level 1:colcon.colcon_core.environment:checking '/root/ros2_offboard/src/install/px4_msgs/bin'
[109.838s] Level 1:colcon.colcon_core.environment:checking '/root/ros2_offboard/src/install/px4_msgs/lib/pkgconfig/px4_msgs.pc'
[109.839s] Level 1:colcon.colcon_core.environment:checking '/root/ros2_offboard/src/install/px4_msgs/lib/python3.10/site-packages'
[109.839s] Level 1:colcon.colcon_core.environment:checking '/root/ros2_offboard/src/install/px4_msgs/bin'
[109.840s] INFO:colcon.colcon_core.shell:Creating package script '/root/ros2_offboard/src/install/px4_msgs/share/px4_msgs/package.ps1'
[109.840s] INFO:colcon.colcon_core.shell:Creating package descriptor '/root/ros2_offboard/src/install/px4_msgs/share/px4_msgs/package.dsv'
[109.841s] INFO:colcon.colcon_core.shell:Creating package script '/root/ros2_offboard/src/install/px4_msgs/share/px4_msgs/package.sh'
[109.841s] INFO:colcon.colcon_core.shell:Creating package script '/root/ros2_offboard/src/install/px4_msgs/share/px4_msgs/package.bash'
[109.841s] INFO:colcon.colcon_core.shell:Creating package script '/root/ros2_offboard/src/install/px4_msgs/share/px4_msgs/package.zsh'
[109.842s] Level 1:colcon.colcon_core.environment:create_file_with_runtime_dependencies(/root/ros2_offboard/src/install/px4_msgs/share/colcon-core/packages/px4_msgs)
[113.860s] Level 1:colcon.colcon_core.environment:create_environment_scripts_only(px4_msgs)
[113.860s] Level 1:colcon.colcon_core.environment:checking '/root/ros2_offboard/src/install/px4_msgs' for CMake module files
[113.860s] Level 1:colcon.colcon_core.environment:checking '/root/ros2_offboard/src/install/px4_msgs' for CMake config files
[113.863s] Level 1:colcon.colcon_core.shell:create_environment_hook('px4_msgs', 'cmake_prefix_path')
[113.863s] INFO:colcon.colcon_core.shell:Creating environment hook '/root/ros2_offboard/src/install/px4_msgs/share/px4_msgs/hook/cmake_prefix_path.ps1'
[113.863s] INFO:colcon.colcon_core.shell:Creating environment descriptor '/root/ros2_offboard/src/install/px4_msgs/share/px4_msgs/hook/cmake_prefix_path.dsv'
[113.863s] INFO:colcon.colcon_core.shell:Creating environment hook '/root/ros2_offboard/src/install/px4_msgs/share/px4_msgs/hook/cmake_prefix_path.sh'
[113.864s] Level 1:colcon.colcon_core.environment:checking '/root/ros2_offboard/src/install/px4_msgs/lib'
[113.864s] Level 1:colcon.colcon_core.shell:create_environment_hook('px4_msgs', 'ld_library_path_lib')
[113.864s] INFO:colcon.colcon_core.shell:Creating environment hook '/root/ros2_offboard/src/install/px4_msgs/share/px4_msgs/hook/ld_library_path_lib.ps1'
[113.864s] INFO:colcon.colcon_core.shell:Creating environment descriptor '/root/ros2_offboard/src/install/px4_msgs/share/px4_msgs/hook/ld_library_path_lib.dsv'
[113.865s] INFO:colcon.colcon_core.shell:Creating environment hook '/root/ros2_offboard/src/install/px4_msgs/share/px4_msgs/hook/ld_library_path_lib.sh'
[113.865s] Level 1:colcon.colcon_core.environment:checking '/root/ros2_offboard/src/install/px4_msgs/bin'
[113.865s] Level 1:colcon.colcon_core.environment:checking '/root/ros2_offboard/src/install/px4_msgs/lib/pkgconfig/px4_msgs.pc'
[113.865s] Level 1:colcon.colcon_core.environment:checking '/root/ros2_offboard/src/install/px4_msgs/lib/python3.10/site-packages'
[113.865s] Level 1:colcon.colcon_core.environment:checking '/root/ros2_offboard/src/install/px4_msgs/bin'
[113.865s] INFO:colcon.colcon_core.shell:Creating package script '/root/ros2_offboard/src/install/px4_msgs/share/px4_msgs/package.ps1'
[113.866s] INFO:colcon.colcon_core.shell:Creating package descriptor '/root/ros2_offboard/src/install/px4_msgs/share/px4_msgs/package.dsv'
[113.866s] INFO:colcon.colcon_core.shell:Creating package script '/root/ros2_offboard/src/install/px4_msgs/share/px4_msgs/package.sh'
[113.866s] INFO:colcon.colcon_core.shell:Creating package script '/root/ros2_offboard/src/install/px4_msgs/share/px4_msgs/package.bash'
[113.867s] INFO:colcon.colcon_core.shell:Creating package script '/root/ros2_offboard/src/install/px4_msgs/share/px4_msgs/package.zsh'
[113.867s] Level 1:colcon.colcon_core.environment:create_file_with_runtime_dependencies(/root/ros2_offboard/src/install/px4_msgs/share/colcon-core/packages/px4_msgs)
[113.867s] INFO:colcon.colcon_ros.task.ament_cmake.build:Building ROS package in '/root/ros2_offboard/src/px4_ros_com' with build type 'ament_cmake'
[113.867s] INFO:colcon.colcon_cmake.task.cmake.build:Building CMake package in '/root/ros2_offboard/src/px4_ros_com'
[113.867s] INFO:colcon.colcon_core.shell:Skip shell extension 'powershell' for command environment: Not usable outside of PowerShell
[113.867s] DEBUG:colcon.colcon_core.shell:Skip shell extension 'dsv' for command environment
[113.876s] DEBUG:colcon.colcon_core.event_handler.log_command:Invoking command in '/root/ros2_offboard/src/build/px4_ros_com': AMENT_PREFIX_PATH=/root/ros2_offboard/src/install/px4_msgs:${AMENT_PREFIX_PATH} CMAKE_PREFIX_PATH=/root/ros2_offboard/src/install/px4_msgs:/root/ws_sensor_combined/install/example_mode_with_executor_cpp:/root/ws_sensor_combined/install/example_mode_rtl_replacement_cpp:/root/ws_sensor_combined/install/example_mode_manual_cpp:/root/ws_sensor_combined/install/example_mode_goto_global_cpp:/root/ws_sensor_combined/install/example_mode_goto_cpp:/root/ws_sensor_combined/install/example_mode_fw_attitude_cpp:/root/ws_sensor_combined/install/example_local_navigation_cpp:/root/ws_sensor_combined/install/example_global_navigation_cpp:/root/ws_sensor_combined/install/px4_ros2_cpp:/root/ws_sensor_combined/install/px4_ros_com:/root/ws_sensor_combined/install/px4_msgs:/root/ros2_offboard/install/px4_ros_com:/root/ros2_offboard/install/px4_msgs:/opt/ros/humble LD_LIBRARY_PATH=/root/ros2_offboard/src/install/px4_msgs/lib:${LD_LIBRARY_PATH} PYTHONPATH=/root/ros2_offboard/src/install/px4_msgs/local/lib/python3.10/dist-packages:${PYTHONPATH} /usr/bin/cmake /root/ros2_offboard/src/px4_ros_com -DCMAKE_INSTALL_PREFIX=/root/ros2_offboard/src/install/px4_ros_com
[115.325s] DEBUG:colcon.colcon_core.event_handler.log_command:Invoked command in '/root/ros2_offboard/src/build/px4_ros_com' returned '0': AMENT_PREFIX_PATH=/root/ros2_offboard/src/install/px4_msgs:${AMENT_PREFIX_PATH} CMAKE_PREFIX_PATH=/root/ros2_offboard/src/install/px4_msgs:/root/ws_sensor_combined/install/example_mode_with_executor_cpp:/root/ws_sensor_combined/install/example_mode_rtl_replacement_cpp:/root/ws_sensor_combined/install/example_mode_manual_cpp:/root/ws_sensor_combined/install/example_mode_goto_global_cpp:/root/ws_sensor_combined/install/example_mode_goto_cpp:/root/ws_sensor_combined/install/example_mode_fw_attitude_cpp:/root/ws_sensor_combined/install/example_local_navigation_cpp:/root/ws_sensor_combined/install/example_global_navigation_cpp:/root/ws_sensor_combined/install/px4_ros2_cpp:/root/ws_sensor_combined/install/px4_ros_com:/root/ws_sensor_combined/install/px4_msgs:/root/ros2_offboard/install/px4_ros_com:/root/ros2_offboard/install/px4_msgs:/opt/ros/humble LD_LIBRARY_PATH=/root/ros2_offboard/src/install/px4_msgs/lib:${LD_LIBRARY_PATH} PYTHONPATH=/root/ros2_offboard/src/install/px4_msgs/local/lib/python3.10/dist-packages:${PYTHONPATH} /usr/bin/cmake /root/ros2_offboard/src/px4_ros_com -DCMAKE_INSTALL_PREFIX=/root/ros2_offboard/src/install/px4_ros_com
[115.325s] DEBUG:colcon.colcon_core.event_handler.log_command:Invoking command in '/root/ros2_offboard/src/build/px4_ros_com': AMENT_PREFIX_PATH=/root/ros2_offboard/src/install/px4_msgs:${AMENT_PREFIX_PATH} CMAKE_PREFIX_PATH=/root/ros2_offboard/src/install/px4_msgs:/root/ws_sensor_combined/install/example_mode_with_executor_cpp:/root/ws_sensor_combined/install/example_mode_rtl_replacement_cpp:/root/ws_sensor_combined/install/example_mode_manual_cpp:/root/ws_sensor_combined/install/example_mode_goto_global_cpp:/root/ws_sensor_combined/install/example_mode_goto_cpp:/root/ws_sensor_combined/install/example_mode_fw_attitude_cpp:/root/ws_sensor_combined/install/example_local_navigation_cpp:/root/ws_sensor_combined/install/example_global_navigation_cpp:/root/ws_sensor_combined/install/px4_ros2_cpp:/root/ws_sensor_combined/install/px4_ros_com:/root/ws_sensor_combined/install/px4_msgs:/root/ros2_offboard/install/px4_ros_com:/root/ros2_offboard/install/px4_msgs:/opt/ros/humble LD_LIBRARY_PATH=/root/ros2_offboard/src/install/px4_msgs/lib:${LD_LIBRARY_PATH} PYTHONPATH=/root/ros2_offboard/src/install/px4_msgs/local/lib/python3.10/dist-packages:${PYTHONPATH} /usr/bin/cmake --build /root/ros2_offboard/src/build/px4_ros_com -- -j32 -l32
[123.884s] DEBUG:colcon.colcon_core.event_handler.log_command:Invoked command in '/root/ros2_offboard/src/build/px4_ros_com' returned '0': AMENT_PREFIX_PATH=/root/ros2_offboard/src/install/px4_msgs:${AMENT_PREFIX_PATH} CMAKE_PREFIX_PATH=/root/ros2_offboard/src/install/px4_msgs:/root/ws_sensor_combined/install/example_mode_with_executor_cpp:/root/ws_sensor_combined/install/example_mode_rtl_replacement_cpp:/root/ws_sensor_combined/install/example_mode_manual_cpp:/root/ws_sensor_combined/install/example_mode_goto_global_cpp:/root/ws_sensor_combined/install/example_mode_goto_cpp:/root/ws_sensor_combined/install/example_mode_fw_attitude_cpp:/root/ws_sensor_combined/install/example_local_navigation_cpp:/root/ws_sensor_combined/install/example_global_navigation_cpp:/root/ws_sensor_combined/install/px4_ros2_cpp:/root/ws_sensor_combined/install/px4_ros_com:/root/ws_sensor_combined/install/px4_msgs:/root/ros2_offboard/install/px4_ros_com:/root/ros2_offboard/install/px4_msgs:/opt/ros/humble LD_LIBRARY_PATH=/root/ros2_offboard/src/install/px4_msgs/lib:${LD_LIBRARY_PATH} PYTHONPATH=/root/ros2_offboard/src/install/px4_msgs/local/lib/python3.10/dist-packages:${PYTHONPATH} /usr/bin/cmake --build /root/ros2_offboard/src/build/px4_ros_com -- -j32 -l32
[123.924s] DEBUG:colcon.colcon_core.event_handler.log_command:Invoking command in '/root/ros2_offboard/src/build/px4_ros_com': AMENT_PREFIX_PATH=/root/ros2_offboard/src/install/px4_msgs:${AMENT_PREFIX_PATH} CMAKE_PREFIX_PATH=/root/ros2_offboard/src/install/px4_msgs:/root/ws_sensor_combined/install/example_mode_with_executor_cpp:/root/ws_sensor_combined/install/example_mode_rtl_replacement_cpp:/root/ws_sensor_combined/install/example_mode_manual_cpp:/root/ws_sensor_combined/install/example_mode_goto_global_cpp:/root/ws_sensor_combined/install/example_mode_goto_cpp:/root/ws_sensor_combined/install/example_mode_fw_attitude_cpp:/root/ws_sensor_combined/install/example_local_navigation_cpp:/root/ws_sensor_combined/install/example_global_navigation_cpp:/root/ws_sensor_combined/install/px4_ros2_cpp:/root/ws_sensor_combined/install/px4_ros_com:/root/ws_sensor_combined/install/px4_msgs:/root/ros2_offboard/install/px4_ros_com:/root/ros2_offboard/install/px4_msgs:/opt/ros/humble LD_LIBRARY_PATH=/root/ros2_offboard/src/install/px4_msgs/lib:${LD_LIBRARY_PATH} PYTHONPATH=/root/ros2_offboard/src/install/px4_msgs/local/lib/python3.10/dist-packages:${PYTHONPATH} /usr/bin/cmake --install /root/ros2_offboard/src/build/px4_ros_com
[123.973s] Level 1:colcon.colcon_core.environment:create_environment_scripts_only(px4_ros_com)
[123.974s] Level 1:colcon.colcon_core.environment:checking '/root/ros2_offboard/src/install/px4_ros_com' for CMake module files
[123.974s] DEBUG:colcon.colcon_core.event_handler.log_command:Invoked command in '/root/ros2_offboard/src/build/px4_ros_com' returned '0': AMENT_PREFIX_PATH=/root/ros2_offboard/src/install/px4_msgs:${AMENT_PREFIX_PATH} CMAKE_PREFIX_PATH=/root/ros2_offboard/src/install/px4_msgs:/root/ws_sensor_combined/install/example_mode_with_executor_cpp:/root/ws_sensor_combined/install/example_mode_rtl_replacement_cpp:/root/ws_sensor_combined/install/example_mode_manual_cpp:/root/ws_sensor_combined/install/example_mode_goto_global_cpp:/root/ws_sensor_combined/install/example_mode_goto_cpp:/root/ws_sensor_combined/install/example_mode_fw_attitude_cpp:/root/ws_sensor_combined/install/example_local_navigation_cpp:/root/ws_sensor_combined/install/example_global_navigation_cpp:/root/ws_sensor_combined/install/px4_ros2_cpp:/root/ws_sensor_combined/install/px4_ros_com:/root/ws_sensor_combined/install/px4_msgs:/root/ros2_offboard/install/px4_ros_com:/root/ros2_offboard/install/px4_msgs:/opt/ros/humble LD_LIBRARY_PATH=/root/ros2_offboard/src/install/px4_msgs/lib:${LD_LIBRARY_PATH} PYTHONPATH=/root/ros2_offboard/src/install/px4_msgs/local/lib/python3.10/dist-packages:${PYTHONPATH} /usr/bin/cmake --install /root/ros2_offboard/src/build/px4_ros_com
[123.974s] Level 1:colcon.colcon_core.environment:checking '/root/ros2_offboard/src/install/px4_ros_com' for CMake config files
[123.974s] Level 1:colcon.colcon_core.shell:create_environment_hook('px4_ros_com', 'cmake_prefix_path')
[123.975s] INFO:colcon.colcon_core.shell:Creating environment hook '/root/ros2_offboard/src/install/px4_ros_com/share/px4_ros_com/hook/cmake_prefix_path.ps1'
[123.975s] INFO:colcon.colcon_core.shell:Creating environment descriptor '/root/ros2_offboard/src/install/px4_ros_com/share/px4_ros_com/hook/cmake_prefix_path.dsv'
[123.975s] INFO:colcon.colcon_core.shell:Creating environment hook '/root/ros2_offboard/src/install/px4_ros_com/share/px4_ros_com/hook/cmake_prefix_path.sh'
[123.976s] Level 1:colcon.colcon_core.environment:checking '/root/ros2_offboard/src/install/px4_ros_com/lib'
[123.976s] Level 1:colcon.colcon_core.shell:create_environment_hook('px4_ros_com', 'ld_library_path_lib')
[123.976s] INFO:colcon.colcon_core.shell:Creating environment hook '/root/ros2_offboard/src/install/px4_ros_com/share/px4_ros_com/hook/ld_library_path_lib.ps1'
[123.976s] INFO:colcon.colcon_core.shell:Creating environment descriptor '/root/ros2_offboard/src/install/px4_ros_com/share/px4_ros_com/hook/ld_library_path_lib.dsv'
[123.976s] INFO:colcon.colcon_core.shell:Creating environment hook '/root/ros2_offboard/src/install/px4_ros_com/share/px4_ros_com/hook/ld_library_path_lib.sh'
[123.976s] Level 1:colcon.colcon_core.environment:checking '/root/ros2_offboard/src/install/px4_ros_com/bin'
[123.976s] Level 1:colcon.colcon_core.environment:checking '/root/ros2_offboard/src/install/px4_ros_com/lib/pkgconfig/px4_ros_com.pc'
[123.977s] Level 1:colcon.colcon_core.environment:checking '/root/ros2_offboard/src/install/px4_ros_com/lib/python3.10/site-packages'
[123.977s] Level 1:colcon.colcon_core.environment:checking '/root/ros2_offboard/src/install/px4_ros_com/bin'
[123.977s] INFO:colcon.colcon_core.shell:Creating package script '/root/ros2_offboard/src/install/px4_ros_com/share/px4_ros_com/package.ps1'
[123.977s] INFO:colcon.colcon_core.shell:Creating package descriptor '/root/ros2_offboard/src/install/px4_ros_com/share/px4_ros_com/package.dsv'
[123.977s] INFO:colcon.colcon_core.shell:Creating package script '/root/ros2_offboard/src/install/px4_ros_com/share/px4_ros_com/package.sh'
[123.978s] INFO:colcon.colcon_core.shell:Creating package script '/root/ros2_offboard/src/install/px4_ros_com/share/px4_ros_com/package.bash'
[123.978s] INFO:colcon.colcon_core.shell:Creating package script '/root/ros2_offboard/src/install/px4_ros_com/share/px4_ros_com/package.zsh'
[123.978s] Level 1:colcon.colcon_core.environment:create_file_with_runtime_dependencies(/root/ros2_offboard/src/install/px4_ros_com/share/colcon-core/packages/px4_ros_com)
[124.018s] Level 1:colcon.colcon_core.environment:create_environment_scripts_only(px4_ros_com)
[124.018s] Level 1:colcon.colcon_core.environment:checking '/root/ros2_offboard/src/install/px4_ros_com' for CMake module files
[124.019s] Level 1:colcon.colcon_core.environment:checking '/root/ros2_offboard/src/install/px4_ros_com' for CMake config files
[124.019s] Level 1:colcon.colcon_core.shell:create_environment_hook('px4_ros_com', 'cmake_prefix_path')
[124.019s] INFO:colcon.colcon_core.shell:Creating environment hook '/root/ros2_offboard/src/install/px4_ros_com/share/px4_ros_com/hook/cmake_prefix_path.ps1'
[124.020s] INFO:colcon.colcon_core.shell:Creating environment descriptor '/root/ros2_offboard/src/install/px4_ros_com/share/px4_ros_com/hook/cmake_prefix_path.dsv'
[124.020s] INFO:colcon.colcon_core.shell:Creating environment hook '/root/ros2_offboard/src/install/px4_ros_com/share/px4_ros_com/hook/cmake_prefix_path.sh'
[124.020s] Level 1:colcon.colcon_core.environment:checking '/root/ros2_offboard/src/install/px4_ros_com/lib'
[124.020s] Level 1:colcon.colcon_core.shell:create_environment_hook('px4_ros_com', 'ld_library_path_lib')
[124.020s] INFO:colcon.colcon_core.shell:Creating environment hook '/root/ros2_offboard/src/install/px4_ros_com/share/px4_ros_com/hook/ld_library_path_lib.ps1'
[124.021s] INFO:colcon.colcon_core.shell:Creating environment descriptor '/root/ros2_offboard/src/install/px4_ros_com/share/px4_ros_com/hook/ld_library_path_lib.dsv'
[124.021s] INFO:colcon.colcon_core.shell:Creating environment hook '/root/ros2_offboard/src/install/px4_ros_com/share/px4_ros_com/hook/ld_library_path_lib.sh'
[124.021s] Level 1:colcon.colcon_core.environment:checking '/root/ros2_offboard/src/install/px4_ros_com/bin'
[124.021s] Level 1:colcon.colcon_core.environment:checking '/root/ros2_offboard/src/install/px4_ros_com/lib/pkgconfig/px4_ros_com.pc'
[124.021s] Level 1:colcon.colcon_core.environment:checking '/root/ros2_offboard/src/install/px4_ros_com/lib/python3.10/site-packages'
[124.021s] Level 1:colcon.colcon_core.environment:checking '/root/ros2_offboard/src/install/px4_ros_com/bin'
[124.022s] INFO:colcon.colcon_core.shell:Creating package script '/root/ros2_offboard/src/install/px4_ros_com/share/px4_ros_com/package.ps1'
[124.022s] INFO:colcon.colcon_core.shell:Creating package descriptor '/root/ros2_offboard/src/install/px4_ros_com/share/px4_ros_com/package.dsv'
[124.023s] INFO:colcon.colcon_core.shell:Creating package script '/root/ros2_offboard/src/install/px4_ros_com/share/px4_ros_com/package.sh'
[124.023s] INFO:colcon.colcon_core.shell:Creating package script '/root/ros2_offboard/src/install/px4_ros_com/share/px4_ros_com/package.bash'
[124.023s] INFO:colcon.colcon_core.shell:Creating package script '/root/ros2_offboard/src/install/px4_ros_com/share/px4_ros_com/package.zsh'
[124.023s] Level 1:colcon.colcon_core.environment:create_file_with_runtime_dependencies(/root/ros2_offboard/src/install/px4_ros_com/share/colcon-core/packages/px4_ros_com)
[124.024s] DEBUG:colcon.colcon_parallel_executor.executor.parallel:closing loop
[124.024s] DEBUG:colcon.colcon_parallel_executor.executor.parallel:loop closed
[124.024s] DEBUG:colcon.colcon_parallel_executor.executor.parallel:run_until_complete finished with '0'
[124.024s] DEBUG:colcon.colcon_core.event_reactor:joining thread
[124.027s] INFO:colcon.colcon_core.plugin_system:Skipping extension 'colcon_notification.desktop_notification.notify_send': Could not find 'notify-send'
[124.028s] INFO:colcon.colcon_core.plugin_system:Skipping extension 'colcon_notification.desktop_notification.terminal_notifier': Not used on non-Darwin systems
[124.028s] INFO:colcon.colcon_core.plugin_system:Skipping extension 'colcon_notification.desktop_notification.win32': Not used on non-Windows systems
[124.028s] INFO:colcon.colcon_notification.desktop_notification:Sending desktop notification using 'notify2'
[124.030s] DEBUG:colcon.colcon_notification.desktop_notification.notify2:Failed to initialize notify2: org.freedesktop.DBus.Error.Spawn.ExecFailed: /usr/bin/dbus-launch terminated abnormally without any error message
[124.030s] DEBUG:colcon.colcon_core.event_reactor:joined thread
[124.031s] INFO:colcon.colcon_core.shell:Creating prefix script '/root/ros2_offboard/src/install/local_setup.ps1'
[124.032s] INFO:colcon.colcon_core.shell:Creating prefix util module '/root/ros2_offboard/src/install/_local_setup_util_ps1.py'
[124.033s] INFO:colcon.colcon_core.shell:Creating prefix chain script '/root/ros2_offboard/src/install/setup.ps1'
[124.034s] INFO:colcon.colcon_core.shell:Creating prefix script '/root/ros2_offboard/src/install/local_setup.sh'
[124.034s] INFO:colcon.colcon_core.shell:Creating prefix util module '/root/ros2_offboard/src/install/_local_setup_util_sh.py'
[124.035s] INFO:colcon.colcon_core.shell:Creating prefix chain script '/root/ros2_offboard/src/install/setup.sh'
[124.035s] INFO:colcon.colcon_core.shell:Creating prefix script '/root/ros2_offboard/src/install/local_setup.bash'
[124.036s] INFO:colcon.colcon_core.shell:Creating prefix chain script '/root/ros2_offboard/src/install/setup.bash'
[124.037s] INFO:colcon.colcon_core.shell:Creating prefix script '/root/ros2_offboard/src/install/local_setup.zsh'
[124.037s] INFO:colcon.colcon_core.shell:Creating prefix chain script '/root/ros2_offboard/src/install/setup.zsh'
